2024-12-20 09:02:28,687 - odp - ERROR - Exception occured in <bound method LoanDataExtractor.extract_data of <lxf.extractors.finance.loans.loan_extractor.LoanDataExtractor object at 0x7a28dc5e8470>> : cannot unpack non-iterable NoneType object 
Traceback (most recent call last):
  File "/home/jacques/works/RevolutionAI/Core/Libs-python/src/lxf/services/try_safe.py", line 5, in try_safe_execute_async
    result= await func(**kargs)
            ^^^^^^^^^^^^^^^^^^^
  File "/home/jacques/works/RevolutionAI/Core/Libs-python/src/lxf/extractors/finance/loans/loan_extractor.py", line 2368, in extract_data
    text,found_tables = await try_safe_execute_async(logger,get_text_and_tables_from_pdf,filename=self.filename)
    ^^^^^^^^^^^^^^^^^
TypeError: cannot unpack non-iterable NoneType object
2024-12-20 09:05:31,480 - odp - ERROR - Exception occured in <bound method LoanDataExtractor.extract_data of <lxf.extractors.finance.loans.loan_extractor.LoanDataExtractor object at 0x78c8025270b0>> : cannot unpack non-iterable NoneType object 
Traceback (most recent call last):
  File "/home/jacques/works/RevolutionAI/Core/Libs-python/src/lxf/services/try_safe.py", line 5, in try_safe_execute_async
    result= await func(**kargs)
            ^^^^^^^^^^^^^^^^^^^
  File "/home/jacques/works/RevolutionAI/Core/Libs-python/src/lxf/extractors/finance/loans/loan_extractor.py", line 2368, in extract_data
    text,found_tables = await try_safe_execute_async(logger,get_text_and_tables_from_pdf,filename=self.filename)
    ^^^^^^^^^^^^^^^^^
TypeError: cannot unpack non-iterable NoneType object
2024-12-20 10:03:17,748 - odp - DEBUG - Demande extraction de donnees pour data/ODP.pdf
2024-12-20 10:03:30,358 - odp - DEBUG - Extraction de donnees different de None ? True
2024-12-20 10:04:47,138 - odp - DEBUG - Demande extraction de donnees pour data/ODP.pdf
2024-12-20 10:04:59,654 - odp - DEBUG - Extraction de donnees different de None ? True
2024-12-20 10:09:58,361 - odp - DEBUG - Demande extraction de donnees pour data/ODP.pdf
2024-12-20 10:10:10,213 - odp - DEBUG - Extraction de donnees different de None ? True
