2024-12-16 11:01:46,451 - Measures - DEBUG - get_text_and_tables_from_pdf executed in 0.0385 seconds 
2024-12-16 11:01:47,520 - Measures - DEBUG - get_key_words executed in 1.0685 seconds 
2024-12-16 11:01:49,974 - Measures - DEBUG - inference executed in 2.4522 seconds 
2024-12-16 11:01:49,974 - Measures - DEBUG - get_classification executed in 3.5609 seconds 
2024-12-16 11:01:49,974 - Measures - DEBUG - do_test executed in 3.5610 seconds 
2024-12-16 11:01:50,941 - Measures - DEBUG - get_text_and_tables_from_pdf executed in 0.9664 seconds 
2024-12-16 11:01:53,654 - Measures - DEBUG - get_key_words executed in 2.7129 seconds 
2024-12-16 11:01:53,970 - Measures - DEBUG - inference executed in 0.3159 seconds 
2024-12-16 11:01:53,970 - Measures - DEBUG - get_classification executed in 3.9959 seconds 
2024-12-16 11:01:53,970 - Measures - DEBUG - do_test executed in 3.9960 seconds 
2024-12-16 15:23:32,762 - Measures - DEBUG - get_text_and_tables_from_pdf executed in 0.0380 seconds 
2024-12-16 15:23:33,832 - Measures - DEBUG - get_key_words executed in 1.0697 seconds 
2024-12-16 15:23:36,258 - Measures - DEBUG - inference executed in 2.4243 seconds 
2024-12-16 15:23:36,258 - Measures - DEBUG - get_classification executed in 3.5338 seconds 
2024-12-16 15:23:36,258 - Measures - DEBUG - do_test executed in 3.5338 seconds 
2024-12-16 15:23:37,219 - Measures - DEBUG - get_text_and_tables_from_pdf executed in 0.9601 seconds 
2024-12-16 15:23:39,848 - Measures - DEBUG - get_key_words executed in 2.6288 seconds 
2024-12-16 15:23:40,181 - Measures - DEBUG - inference executed in 0.3332 seconds 
2024-12-16 15:23:40,181 - Measures - DEBUG - get_classification executed in 3.9227 seconds 
2024-12-16 15:23:40,181 - Measures - DEBUG - do_test executed in 3.9227 seconds 
2024-12-16 15:34:30,874 - Measures - DEBUG - get_text_and_tables_from_pdf executed in 0.0380 seconds 
2024-12-16 15:34:30,874 - Measures - DEBUG - sanitize_text executed in 0.0001 seconds 
2024-12-16 15:34:31,926 - Measures - DEBUG - get_key_words executed in 1.0519 seconds 
2024-12-16 15:34:34,345 - Measures - DEBUG - inference executed in 2.4172 seconds 
2024-12-16 15:34:34,345 - Measures - DEBUG - get_classification executed in 3.5088 seconds 
2024-12-16 15:34:34,345 - Measures - DEBUG - do_test executed in 3.5088 seconds 
2024-12-16 15:34:35,249 - Measures - DEBUG - get_text_and_tables_from_pdf executed in 0.9032 seconds 
2024-12-16 15:34:35,249 - Measures - DEBUG - sanitize_text executed in 0.0003 seconds 
2024-12-16 15:34:37,602 - Measures - DEBUG - get_key_words executed in 2.3534 seconds 
2024-12-16 15:34:37,920 - Measures - DEBUG - inference executed in 0.3168 seconds 
2024-12-16 15:34:37,920 - Measures - DEBUG - get_classification executed in 3.5742 seconds 
2024-12-16 15:34:37,920 - Measures - DEBUG - do_test executed in 3.5742 seconds 
2024-12-16 15:36:25,786 - Measures - DEBUG - get_text_and_tables_from_pdf executed in 0.0436 seconds 
2024-12-16 15:36:25,787 - Measures - DEBUG - sanitize_text executed in 0.0001 seconds 
2024-12-16 15:48:26,334 - Measures - DEBUG - get_text_and_tables_from_pdf executed in 0.0439 seconds 
2024-12-16 15:48:26,335 - Measures - DEBUG - sanitize_text executed in 0.0004 seconds 
2024-12-16 15:48:39,925 - Measures - DEBUG - get_key_words executed in 13.5903 seconds 
2024-12-16 15:48:42,476 - Measures - DEBUG - inference executed in 2.5460 seconds 
2024-12-16 15:48:42,476 - Measures - DEBUG - get_classification executed in 16.1859 seconds 
2024-12-16 15:48:42,476 - Measures - DEBUG - do_test executed in 16.1859 seconds 
2024-12-16 15:48:43,494 - Measures - DEBUG - get_text_and_tables_from_pdf executed in 1.0162 seconds 
2024-12-16 15:48:43,497 - Measures - DEBUG - sanitize_text executed in 0.0032 seconds 
2024-12-16 15:48:44,456 - Measures - DEBUG - get_key_words executed in 0.9618 seconds 
2024-12-16 15:48:44,795 - Measures - DEBUG - inference executed in 0.3386 seconds 
2024-12-16 15:48:44,795 - Measures - DEBUG - get_classification executed in 2.3177 seconds 
2024-12-16 15:48:44,795 - Measures - DEBUG - do_test executed in 2.3177 seconds 
2024-12-16 15:53:10,998 - Measures - DEBUG - get_text_and_tables_from_pdf executed in 0.0391 seconds 
2024-12-16 15:53:10,999 - Measures - DEBUG - sanitize_text executed in 0.0004 seconds 
2024-12-16 15:53:12,011 - Measures - DEBUG - get_key_words executed in 1.0125 seconds 
2024-12-16 15:53:14,860 - Measures - DEBUG - inference executed in 2.8480 seconds 
2024-12-16 15:53:14,860 - Measures - DEBUG - get_classification executed in 3.9015 seconds 
2024-12-16 15:53:14,860 - Measures - DEBUG - do_test executed in 3.9015 seconds 
2024-12-16 15:53:15,451 - Measures - DEBUG - get_text_and_tables_from_pdf executed in 0.5897 seconds 
2024-12-16 15:53:15,454 - Measures - DEBUG - sanitize_text executed in 0.0034 seconds 
2024-12-16 15:53:16,401 - Measures - DEBUG - get_key_words executed in 0.9497 seconds 
2024-12-16 15:53:16,733 - Measures - DEBUG - inference executed in 0.3315 seconds 
2024-12-16 15:53:16,733 - Measures - DEBUG - get_classification executed in 1.8718 seconds 
2024-12-16 15:53:16,733 - Measures - DEBUG - do_test executed in 1.8719 seconds 
2024-12-17 10:55:53,005 - Measures - DEBUG - do_test executed in 0.0000 seconds 
2024-12-17 10:55:53,005 - Measures - DEBUG - do_test executed in 0.0000 seconds 
2024-12-17 10:58:37,022 - Measures - DEBUG - get_text_and_tables_from_pdf executed in 0.0381 seconds 
2024-12-17 10:58:37,933 - Measures - DEBUG - get_text_and_tables_from_pdf executed in 0.9084 seconds 
2024-12-17 11:01:39,216 - Measures - DEBUG - get_text_and_tables_from_pdf executed in 0.0381 seconds 
2024-12-17 11:01:39,216 - Measures - DEBUG - sanitize_text executed in 0.0004 seconds 
2024-12-17 11:01:40,220 - Measures - DEBUG - get_key_words executed in 1.0041 seconds 
2024-12-17 11:01:43,057 - Measures - DEBUG - inference executed in 2.8354 seconds 
2024-12-17 11:01:43,057 - Measures - DEBUG - get_classification executed in 3.8797 seconds 
2024-12-17 11:01:43,057 - Measures - DEBUG - do_test executed in 3.8798 seconds 
2024-12-17 11:01:43,651 - Measures - DEBUG - get_text_and_tables_from_pdf executed in 0.5930 seconds 
2024-12-17 11:01:43,654 - Measures - DEBUG - sanitize_text executed in 0.0032 seconds 
2024-12-17 11:01:44,587 - Measures - DEBUG - get_key_words executed in 0.9360 seconds 
2024-12-17 11:01:44,919 - Measures - DEBUG - inference executed in 0.3313 seconds 
2024-12-17 11:01:44,919 - Measures - DEBUG - get_classification executed in 1.8612 seconds 
2024-12-17 11:01:44,919 - Measures - DEBUG - do_test executed in 1.8613 seconds 
