2024-12-16 11:01:47,522 - MulticlassClassificationJupiterModel - DEBUG - No GPU found
2024-12-16 11:01:49,969 - MulticlassClassificationJupiterModel - DEBUG - prediction = b'Finance_Banque_BPOP-PRET' with an accuracy of 0.00 %
2024-12-16 11:01:49,969 - MulticlassClassificationJupiterModel - DEBUG - prediction = b'Finance_Facture_Fournisseur' with an accuracy of 0.00 %
2024-12-16 11:01:49,969 - MulticlassClassificationJupiterModel - DEBUG - prediction = b'Finance_Banque_Mandat-Creancier' with an accuracy of 0.00 %
2024-12-16 11:01:49,969 - MulticlassClassificationJupiterModel - DEBUG - prediction = b'Finance_Banque_Releve' with an accuracy of 0.00 %
2024-12-16 11:01:49,969 - MulticlassClassificationJupiterModel - DEBUG - prediction = b'Finance_Facture_Honoraire' with an accuracy of 0.20 %
2024-12-16 11:01:49,969 - MulticlassClassificationJupiterModel - DEBUG - prediction = b'Finance_Facture_Client' with an accuracy of 0.00 %
2024-12-16 11:01:49,969 - MulticlassClassificationJupiterModel - DEBUG - prediction = b'Finance_Facture_Banque' with an accuracy of 0.00 %
2024-12-16 11:01:49,969 - MulticlassClassificationJupiterModel - DEBUG - prediction = b'Finance_Banque_Mandat-Pr\xc3\xa9l\xc3\xa8vement' with an accuracy of 0.00 %
2024-12-16 11:01:49,969 - MulticlassClassificationJupiterModel - DEBUG - prediction = b'Juridique_Acte_Vente' with an accuracy of 0.00 %
2024-12-16 11:01:49,969 - MulticlassClassificationJupiterModel - DEBUG - prediction = b'Juridique_Acte_Certificat-Urbanisme' with an accuracy of 0.00 %
2024-12-16 11:01:49,969 - MulticlassClassificationJupiterModel - DEBUG - prediction = b'Finance_Banque_PRET' with an accuracy of 0.00 %
2024-12-16 11:01:49,969 - MulticlassClassificationJupiterModel - DEBUG - prediction = b'Administratif_Ursaff_D\xc3\xa9claration-Sociale-Nominative' with an accuracy of 0.00 %
2024-12-16 11:01:49,969 - MulticlassClassificationJupiterModel - DEBUG - prediction = b'Courrier_LRAR_Accuse' with an accuracy of 0.00 %
2024-12-16 11:01:49,969 - MulticlassClassificationJupiterModel - DEBUG - prediction = b'Finance_Banque_IBAN-RIB' with an accuracy of 97.91 %
2024-12-16 11:01:49,969 - MulticlassClassificationJupiterModel - DEBUG - prediction = b'Juridique_Acte_Procuration' with an accuracy of 0.00 %
2024-12-16 11:01:49,969 - MulticlassClassificationJupiterModel - DEBUG - prediction = b'Familles_Administratif_EHF' with an accuracy of 1.82 %
2024-12-16 11:01:49,969 - MulticlassClassificationJupiterModel - DEBUG - prediction = b'Administratif_Etat-Civil_Actes' with an accuracy of 0.01 %
2024-12-16 11:01:49,969 - MulticlassClassificationJupiterModel - DEBUG - prediction = b'Finance_Banque_Appel-de-Fond' with an accuracy of 0.00 %
2024-12-16 11:01:49,969 - MulticlassClassificationJupiterModel - DEBUG - prediction = b'Juridique_Contrat_Accord-Confidentialit\xc3\xa9' with an accuracy of 0.00 %
2024-12-16 11:01:49,969 - MulticlassClassificationJupiterModel - DEBUG - prediction = b'Technique_Expertise_Diagnostique' with an accuracy of 0.00 %
2024-12-16 11:01:49,969 - MulticlassClassificationJupiterModel - DEBUG - prediction = b'Juridique_Statut_KBis' with an accuracy of 0.01 %
2024-12-16 11:01:49,969 - MulticlassClassificationJupiterModel - DEBUG - prediction = b'Administratif_Etat-Civil_CNI' with an accuracy of 0.00 %
2024-12-16 11:01:49,970 - MulticlassClassificationJupiterModel - DEBUG - prediction = b'Finance_Banque_AOP' with an accuracy of 0.00 %
2024-12-16 11:01:49,970 - MulticlassClassificationJupiterModel - DEBUG - prediction = b'Juridique_Statut_Soci\xc3\xa9t\xc3\xa9' with an accuracy of 0.02 %
2024-12-16 11:01:49,970 - MulticlassClassificationJupiterModel - DEBUG - prediction = b'Juridique_Convention_Honoraire' with an accuracy of 0.02 %
2024-12-16 11:01:49,970 - MulticlassClassificationJupiterModel - DEBUG - prediction = b'Juridique_Acte_Certificat Urbanisme' with an accuracy of 0.00 %
2024-12-16 11:01:49,970 - MulticlassClassificationJupiterModel - DEBUG - Best prediction  = b'Finance_Banque_IBAN-RIB' with an accuracy of 97.91 %
2024-12-16 11:01:53,654 - MulticlassClassificationJupiterModel - DEBUG - No GPU found
2024-12-16 11:01:53,965 - MulticlassClassificationJupiterModel - DEBUG - prediction = b'Finance_Banque_BPOP-PRET' with an accuracy of 76.19 %
2024-12-16 11:01:53,965 - MulticlassClassificationJupiterModel - DEBUG - prediction = b'Finance_Facture_Fournisseur' with an accuracy of 0.01 %
2024-12-16 11:01:53,965 - MulticlassClassificationJupiterModel - DEBUG - prediction = b'Finance_Banque_Mandat-Creancier' with an accuracy of 0.01 %
2024-12-16 11:01:53,965 - MulticlassClassificationJupiterModel - DEBUG - prediction = b'Finance_Banque_Releve' with an accuracy of 0.27 %
2024-12-16 11:01:53,965 - MulticlassClassificationJupiterModel - DEBUG - prediction = b'Finance_Facture_Honoraire' with an accuracy of 0.34 %
2024-12-16 11:01:53,965 - MulticlassClassificationJupiterModel - DEBUG - prediction = b'Finance_Facture_Client' with an accuracy of 1.35 %
2024-12-16 11:01:53,965 - MulticlassClassificationJupiterModel - DEBUG - prediction = b'Finance_Facture_Banque' with an accuracy of 0.02 %
2024-12-16 11:01:53,965 - MulticlassClassificationJupiterModel - DEBUG - prediction = b'Finance_Banque_Mandat-Pr\xc3\xa9l\xc3\xa8vement' with an accuracy of 0.00 %
2024-12-16 11:01:53,965 - MulticlassClassificationJupiterModel - DEBUG - prediction = b'Juridique_Acte_Vente' with an accuracy of 12.89 %
2024-12-16 11:01:53,965 - MulticlassClassificationJupiterModel - DEBUG - prediction = b'Juridique_Acte_Certificat-Urbanisme' with an accuracy of 0.01 %
2024-12-16 11:01:53,965 - MulticlassClassificationJupiterModel - DEBUG - prediction = b'Finance_Banque_PRET' with an accuracy of 8.67 %
2024-12-16 11:01:53,965 - MulticlassClassificationJupiterModel - DEBUG - prediction = b'Administratif_Ursaff_D\xc3\xa9claration-Sociale-Nominative' with an accuracy of 0.02 %
2024-12-16 11:01:53,965 - MulticlassClassificationJupiterModel - DEBUG - prediction = b'Courrier_LRAR_Accuse' with an accuracy of 0.00 %
2024-12-16 11:01:53,965 - MulticlassClassificationJupiterModel - DEBUG - prediction = b'Finance_Banque_IBAN-RIB' with an accuracy of 0.02 %
2024-12-16 11:01:53,965 - MulticlassClassificationJupiterModel - DEBUG - prediction = b'Juridique_Acte_Procuration' with an accuracy of 0.05 %
2024-12-16 11:01:53,966 - MulticlassClassificationJupiterModel - DEBUG - prediction = b'Familles_Administratif_EHF' with an accuracy of 0.00 %
2024-12-16 11:01:53,966 - MulticlassClassificationJupiterModel - DEBUG - prediction = b'Administratif_Etat-Civil_Actes' with an accuracy of 0.00 %
2024-12-16 11:01:53,966 - MulticlassClassificationJupiterModel - DEBUG - prediction = b'Finance_Banque_Appel-de-Fond' with an accuracy of 0.01 %
2024-12-16 11:01:53,966 - MulticlassClassificationJupiterModel - DEBUG - prediction = b'Juridique_Contrat_Accord-Confidentialit\xc3\xa9' with an accuracy of 0.00 %
2024-12-16 11:01:53,966 - MulticlassClassificationJupiterModel - DEBUG - prediction = b'Technique_Expertise_Diagnostique' with an accuracy of 0.00 %
2024-12-16 11:01:53,966 - MulticlassClassificationJupiterModel - DEBUG - prediction = b'Juridique_Statut_KBis' with an accuracy of 0.00 %
2024-12-16 11:01:53,966 - MulticlassClassificationJupiterModel - DEBUG - prediction = b'Administratif_Etat-Civil_CNI' with an accuracy of 0.00 %
2024-12-16 11:01:53,966 - MulticlassClassificationJupiterModel - DEBUG - prediction = b'Finance_Banque_AOP' with an accuracy of 0.00 %
2024-12-16 11:01:53,966 - MulticlassClassificationJupiterModel - DEBUG - prediction = b'Juridique_Statut_Soci\xc3\xa9t\xc3\xa9' with an accuracy of 0.12 %
2024-12-16 11:01:53,966 - MulticlassClassificationJupiterModel - DEBUG - prediction = b'Juridique_Convention_Honoraire' with an accuracy of 0.03 %
2024-12-16 11:01:53,966 - MulticlassClassificationJupiterModel - DEBUG - prediction = b'Juridique_Acte_Certificat Urbanisme' with an accuracy of 0.00 %
2024-12-16 11:01:53,966 - MulticlassClassificationJupiterModel - DEBUG - Best prediction  = b'Finance_Banque_BPOP-PRET' with an accuracy of 76.19 %
2024-12-16 15:23:33,834 - MulticlassClassificationJupiterModel - DEBUG - No GPU found
2024-12-16 15:23:36,252 - MulticlassClassificationJupiterModel - DEBUG - prediction = b'Finance_Banque_BPOP-PRET' with an accuracy of 0.00 %
2024-12-16 15:23:36,252 - MulticlassClassificationJupiterModel - DEBUG - prediction = b'Finance_Facture_Fournisseur' with an accuracy of 0.00 %
2024-12-16 15:23:36,253 - MulticlassClassificationJupiterModel - DEBUG - prediction = b'Finance_Banque_Mandat-Creancier' with an accuracy of 0.00 %
2024-12-16 15:23:36,253 - MulticlassClassificationJupiterModel - DEBUG - prediction = b'Finance_Banque_Releve' with an accuracy of 0.00 %
2024-12-16 15:23:36,253 - MulticlassClassificationJupiterModel - DEBUG - prediction = b'Finance_Facture_Honoraire' with an accuracy of 0.20 %
2024-12-16 15:23:36,253 - MulticlassClassificationJupiterModel - DEBUG - prediction = b'Finance_Facture_Client' with an accuracy of 0.00 %
2024-12-16 15:23:36,253 - MulticlassClassificationJupiterModel - DEBUG - prediction = b'Finance_Facture_Banque' with an accuracy of 0.00 %
2024-12-16 15:23:36,253 - MulticlassClassificationJupiterModel - DEBUG - prediction = b'Finance_Banque_Mandat-Pr\xc3\xa9l\xc3\xa8vement' with an accuracy of 0.00 %
2024-12-16 15:23:36,253 - MulticlassClassificationJupiterModel - DEBUG - prediction = b'Juridique_Acte_Vente' with an accuracy of 0.00 %
2024-12-16 15:23:36,253 - MulticlassClassificationJupiterModel - DEBUG - prediction = b'Juridique_Acte_Certificat-Urbanisme' with an accuracy of 0.00 %
2024-12-16 15:23:36,253 - MulticlassClassificationJupiterModel - DEBUG - prediction = b'Finance_Banque_PRET' with an accuracy of 0.00 %
2024-12-16 15:23:36,253 - MulticlassClassificationJupiterModel - DEBUG - prediction = b'Administratif_Ursaff_D\xc3\xa9claration-Sociale-Nominative' with an accuracy of 0.00 %
2024-12-16 15:23:36,253 - MulticlassClassificationJupiterModel - DEBUG - prediction = b'Courrier_LRAR_Accuse' with an accuracy of 0.00 %
2024-12-16 15:23:36,253 - MulticlassClassificationJupiterModel - DEBUG - prediction = b'Finance_Banque_IBAN-RIB' with an accuracy of 97.91 %
2024-12-16 15:23:36,253 - MulticlassClassificationJupiterModel - DEBUG - prediction = b'Juridique_Acte_Procuration' with an accuracy of 0.00 %
2024-12-16 15:23:36,253 - MulticlassClassificationJupiterModel - DEBUG - prediction = b'Familles_Administratif_EHF' with an accuracy of 1.82 %
2024-12-16 15:23:36,253 - MulticlassClassificationJupiterModel - DEBUG - prediction = b'Administratif_Etat-Civil_Actes' with an accuracy of 0.01 %
2024-12-16 15:23:36,253 - MulticlassClassificationJupiterModel - DEBUG - prediction = b'Finance_Banque_Appel-de-Fond' with an accuracy of 0.00 %
2024-12-16 15:23:36,253 - MulticlassClassificationJupiterModel - DEBUG - prediction = b'Juridique_Contrat_Accord-Confidentialit\xc3\xa9' with an accuracy of 0.00 %
2024-12-16 15:23:36,253 - MulticlassClassificationJupiterModel - DEBUG - prediction = b'Technique_Expertise_Diagnostique' with an accuracy of 0.00 %
2024-12-16 15:23:36,253 - MulticlassClassificationJupiterModel - DEBUG - prediction = b'Juridique_Statut_KBis' with an accuracy of 0.01 %
2024-12-16 15:23:36,253 - MulticlassClassificationJupiterModel - DEBUG - prediction = b'Administratif_Etat-Civil_CNI' with an accuracy of 0.00 %
2024-12-16 15:23:36,253 - MulticlassClassificationJupiterModel - DEBUG - prediction = b'Finance_Banque_AOP' with an accuracy of 0.00 %
2024-12-16 15:23:36,253 - MulticlassClassificationJupiterModel - DEBUG - prediction = b'Juridique_Statut_Soci\xc3\xa9t\xc3\xa9' with an accuracy of 0.02 %
2024-12-16 15:23:36,253 - MulticlassClassificationJupiterModel - DEBUG - prediction = b'Juridique_Convention_Honoraire' with an accuracy of 0.02 %
2024-12-16 15:23:36,253 - MulticlassClassificationJupiterModel - DEBUG - prediction = b'Juridique_Acte_Certificat Urbanisme' with an accuracy of 0.00 %
2024-12-16 15:23:36,253 - MulticlassClassificationJupiterModel - DEBUG - Best prediction  = b'Finance_Banque_IBAN-RIB' with an accuracy of 97.91 %
2024-12-16 15:23:39,848 - MulticlassClassificationJupiterModel - DEBUG - No GPU found
2024-12-16 15:23:40,176 - MulticlassClassificationJupiterModel - DEBUG - prediction = b'Finance_Banque_BPOP-PRET' with an accuracy of 78.37 %
2024-12-16 15:23:40,176 - MulticlassClassificationJupiterModel - DEBUG - prediction = b'Finance_Facture_Fournisseur' with an accuracy of 0.01 %
2024-12-16 15:23:40,176 - MulticlassClassificationJupiterModel - DEBUG - prediction = b'Finance_Banque_Mandat-Creancier' with an accuracy of 0.01 %
2024-12-16 15:23:40,176 - MulticlassClassificationJupiterModel - DEBUG - prediction = b'Finance_Banque_Releve' with an accuracy of 0.29 %
2024-12-16 15:23:40,176 - MulticlassClassificationJupiterModel - DEBUG - prediction = b'Finance_Facture_Honoraire' with an accuracy of 0.51 %
2024-12-16 15:23:40,176 - MulticlassClassificationJupiterModel - DEBUG - prediction = b'Finance_Facture_Client' with an accuracy of 2.25 %
2024-12-16 15:23:40,176 - MulticlassClassificationJupiterModel - DEBUG - prediction = b'Finance_Facture_Banque' with an accuracy of 0.02 %
2024-12-16 15:23:40,176 - MulticlassClassificationJupiterModel - DEBUG - prediction = b'Finance_Banque_Mandat-Pr\xc3\xa9l\xc3\xa8vement' with an accuracy of 0.00 %
2024-12-16 15:23:40,176 - MulticlassClassificationJupiterModel - DEBUG - prediction = b'Juridique_Acte_Vente' with an accuracy of 8.75 %
2024-12-16 15:23:40,176 - MulticlassClassificationJupiterModel - DEBUG - prediction = b'Juridique_Acte_Certificat-Urbanisme' with an accuracy of 0.01 %
2024-12-16 15:23:40,176 - MulticlassClassificationJupiterModel - DEBUG - prediction = b'Finance_Banque_PRET' with an accuracy of 9.52 %
2024-12-16 15:23:40,176 - MulticlassClassificationJupiterModel - DEBUG - prediction = b'Administratif_Ursaff_D\xc3\xa9claration-Sociale-Nominative' with an accuracy of 0.04 %
2024-12-16 15:23:40,176 - MulticlassClassificationJupiterModel - DEBUG - prediction = b'Courrier_LRAR_Accuse' with an accuracy of 0.00 %
2024-12-16 15:23:40,176 - MulticlassClassificationJupiterModel - DEBUG - prediction = b'Finance_Banque_IBAN-RIB' with an accuracy of 0.02 %
2024-12-16 15:23:40,177 - MulticlassClassificationJupiterModel - DEBUG - prediction = b'Juridique_Acte_Procuration' with an accuracy of 0.02 %
2024-12-16 15:23:40,177 - MulticlassClassificationJupiterModel - DEBUG - prediction = b'Familles_Administratif_EHF' with an accuracy of 0.00 %
2024-12-16 15:23:40,177 - MulticlassClassificationJupiterModel - DEBUG - prediction = b'Administratif_Etat-Civil_Actes' with an accuracy of 0.00 %
2024-12-16 15:23:40,177 - MulticlassClassificationJupiterModel - DEBUG - prediction = b'Finance_Banque_Appel-de-Fond' with an accuracy of 0.01 %
2024-12-16 15:23:40,177 - MulticlassClassificationJupiterModel - DEBUG - prediction = b'Juridique_Contrat_Accord-Confidentialit\xc3\xa9' with an accuracy of 0.00 %
2024-12-16 15:23:40,177 - MulticlassClassificationJupiterModel - DEBUG - prediction = b'Technique_Expertise_Diagnostique' with an accuracy of 0.00 %
2024-12-16 15:23:40,177 - MulticlassClassificationJupiterModel - DEBUG - prediction = b'Juridique_Statut_KBis' with an accuracy of 0.00 %
2024-12-16 15:23:40,177 - MulticlassClassificationJupiterModel - DEBUG - prediction = b'Administratif_Etat-Civil_CNI' with an accuracy of 0.00 %
2024-12-16 15:23:40,177 - MulticlassClassificationJupiterModel - DEBUG - prediction = b'Finance_Banque_AOP' with an accuracy of 0.00 %
2024-12-16 15:23:40,177 - MulticlassClassificationJupiterModel - DEBUG - prediction = b'Juridique_Statut_Soci\xc3\xa9t\xc3\xa9' with an accuracy of 0.13 %
2024-12-16 15:23:40,177 - MulticlassClassificationJupiterModel - DEBUG - prediction = b'Juridique_Convention_Honoraire' with an accuracy of 0.03 %
2024-12-16 15:23:40,177 - MulticlassClassificationJupiterModel - DEBUG - prediction = b'Juridique_Acte_Certificat Urbanisme' with an accuracy of 0.00 %
2024-12-16 15:23:40,177 - MulticlassClassificationJupiterModel - DEBUG - Best prediction  = b'Finance_Banque_BPOP-PRET' with an accuracy of 78.37 %
2024-12-16 15:34:31,928 - MulticlassClassificationJupiterModel - DEBUG - No GPU found
2024-12-16 15:34:34,340 - MulticlassClassificationJupiterModel - DEBUG - prediction = b'Finance_Banque_BPOP-PRET' with an accuracy of 0.00 %
2024-12-16 15:34:34,340 - MulticlassClassificationJupiterModel - DEBUG - prediction = b'Finance_Facture_Fournisseur' with an accuracy of 0.00 %
2024-12-16 15:34:34,340 - MulticlassClassificationJupiterModel - DEBUG - prediction = b'Finance_Banque_Mandat-Creancier' with an accuracy of 0.00 %
2024-12-16 15:34:34,340 - MulticlassClassificationJupiterModel - DEBUG - prediction = b'Finance_Banque_Releve' with an accuracy of 0.00 %
2024-12-16 15:34:34,340 - MulticlassClassificationJupiterModel - DEBUG - prediction = b'Finance_Facture_Honoraire' with an accuracy of 0.24 %
2024-12-16 15:34:34,340 - MulticlassClassificationJupiterModel - DEBUG - prediction = b'Finance_Facture_Client' with an accuracy of 0.00 %
2024-12-16 15:34:34,340 - MulticlassClassificationJupiterModel - DEBUG - prediction = b'Finance_Facture_Banque' with an accuracy of 0.00 %
2024-12-16 15:34:34,340 - MulticlassClassificationJupiterModel - DEBUG - prediction = b'Finance_Banque_Mandat-Pr\xc3\xa9l\xc3\xa8vement' with an accuracy of 0.00 %
2024-12-16 15:34:34,340 - MulticlassClassificationJupiterModel - DEBUG - prediction = b'Juridique_Acte_Vente' with an accuracy of 0.00 %
2024-12-16 15:34:34,340 - MulticlassClassificationJupiterModel - DEBUG - prediction = b'Juridique_Acte_Certificat-Urbanisme' with an accuracy of 0.00 %
2024-12-16 15:34:34,340 - MulticlassClassificationJupiterModel - DEBUG - prediction = b'Finance_Banque_PRET' with an accuracy of 0.00 %
2024-12-16 15:34:34,340 - MulticlassClassificationJupiterModel - DEBUG - prediction = b'Administratif_Ursaff_D\xc3\xa9claration-Sociale-Nominative' with an accuracy of 0.00 %
2024-12-16 15:34:34,340 - MulticlassClassificationJupiterModel - DEBUG - prediction = b'Courrier_LRAR_Accuse' with an accuracy of 0.00 %
2024-12-16 15:34:34,340 - MulticlassClassificationJupiterModel - DEBUG - prediction = b'Finance_Banque_IBAN-RIB' with an accuracy of 97.38 %
2024-12-16 15:34:34,340 - MulticlassClassificationJupiterModel - DEBUG - prediction = b'Juridique_Acte_Procuration' with an accuracy of 0.00 %
2024-12-16 15:34:34,340 - MulticlassClassificationJupiterModel - DEBUG - prediction = b'Familles_Administratif_EHF' with an accuracy of 2.26 %
2024-12-16 15:34:34,340 - MulticlassClassificationJupiterModel - DEBUG - prediction = b'Administratif_Etat-Civil_Actes' with an accuracy of 0.02 %
2024-12-16 15:34:34,340 - MulticlassClassificationJupiterModel - DEBUG - prediction = b'Finance_Banque_Appel-de-Fond' with an accuracy of 0.00 %
2024-12-16 15:34:34,340 - MulticlassClassificationJupiterModel - DEBUG - prediction = b'Juridique_Contrat_Accord-Confidentialit\xc3\xa9' with an accuracy of 0.00 %
2024-12-16 15:34:34,340 - MulticlassClassificationJupiterModel - DEBUG - prediction = b'Technique_Expertise_Diagnostique' with an accuracy of 0.00 %
2024-12-16 15:34:34,340 - MulticlassClassificationJupiterModel - DEBUG - prediction = b'Juridique_Statut_KBis' with an accuracy of 0.01 %
2024-12-16 15:34:34,340 - MulticlassClassificationJupiterModel - DEBUG - prediction = b'Administratif_Etat-Civil_CNI' with an accuracy of 0.00 %
2024-12-16 15:34:34,340 - MulticlassClassificationJupiterModel - DEBUG - prediction = b'Finance_Banque_AOP' with an accuracy of 0.00 %
2024-12-16 15:34:34,340 - MulticlassClassificationJupiterModel - DEBUG - prediction = b'Juridique_Statut_Soci\xc3\xa9t\xc3\xa9' with an accuracy of 0.03 %
2024-12-16 15:34:34,340 - MulticlassClassificationJupiterModel - DEBUG - prediction = b'Juridique_Convention_Honoraire' with an accuracy of 0.03 %
2024-12-16 15:34:34,341 - MulticlassClassificationJupiterModel - DEBUG - prediction = b'Juridique_Acte_Certificat Urbanisme' with an accuracy of 0.00 %
2024-12-16 15:34:34,341 - MulticlassClassificationJupiterModel - DEBUG - Best prediction  = b'Finance_Banque_IBAN-RIB' with an accuracy of 97.38 %
2024-12-16 15:34:37,603 - MulticlassClassificationJupiterModel - DEBUG - No GPU found
2024-12-16 15:34:37,915 - MulticlassClassificationJupiterModel - DEBUG - prediction = b'Finance_Banque_BPOP-PRET' with an accuracy of 80.64 %
2024-12-16 15:34:37,915 - MulticlassClassificationJupiterModel - DEBUG - prediction = b'Finance_Facture_Fournisseur' with an accuracy of 0.00 %
2024-12-16 15:34:37,915 - MulticlassClassificationJupiterModel - DEBUG - prediction = b'Finance_Banque_Mandat-Creancier' with an accuracy of 0.00 %
2024-12-16 15:34:37,915 - MulticlassClassificationJupiterModel - DEBUG - prediction = b'Finance_Banque_Releve' with an accuracy of 0.20 %
2024-12-16 15:34:37,915 - MulticlassClassificationJupiterModel - DEBUG - prediction = b'Finance_Facture_Honoraire' with an accuracy of 0.40 %
2024-12-16 15:34:37,915 - MulticlassClassificationJupiterModel - DEBUG - prediction = b'Finance_Facture_Client' with an accuracy of 2.73 %
2024-12-16 15:34:37,915 - MulticlassClassificationJupiterModel - DEBUG - prediction = b'Finance_Facture_Banque' with an accuracy of 0.02 %
2024-12-16 15:34:37,915 - MulticlassClassificationJupiterModel - DEBUG - prediction = b'Finance_Banque_Mandat-Pr\xc3\xa9l\xc3\xa8vement' with an accuracy of 0.00 %
2024-12-16 15:34:37,915 - MulticlassClassificationJupiterModel - DEBUG - prediction = b'Juridique_Acte_Vente' with an accuracy of 8.94 %
2024-12-16 15:34:37,915 - MulticlassClassificationJupiterModel - DEBUG - prediction = b'Juridique_Acte_Certificat-Urbanisme' with an accuracy of 0.00 %
2024-12-16 15:34:37,915 - MulticlassClassificationJupiterModel - DEBUG - prediction = b'Finance_Banque_PRET' with an accuracy of 6.82 %
2024-12-16 15:34:37,915 - MulticlassClassificationJupiterModel - DEBUG - prediction = b'Administratif_Ursaff_D\xc3\xa9claration-Sociale-Nominative' with an accuracy of 0.04 %
2024-12-16 15:34:37,915 - MulticlassClassificationJupiterModel - DEBUG - prediction = b'Courrier_LRAR_Accuse' with an accuracy of 0.00 %
2024-12-16 15:34:37,915 - MulticlassClassificationJupiterModel - DEBUG - prediction = b'Finance_Banque_IBAN-RIB' with an accuracy of 0.02 %
2024-12-16 15:34:37,915 - MulticlassClassificationJupiterModel - DEBUG - prediction = b'Juridique_Acte_Procuration' with an accuracy of 0.04 %
2024-12-16 15:34:37,915 - MulticlassClassificationJupiterModel - DEBUG - prediction = b'Familles_Administratif_EHF' with an accuracy of 0.00 %
2024-12-16 15:34:37,915 - MulticlassClassificationJupiterModel - DEBUG - prediction = b'Administratif_Etat-Civil_Actes' with an accuracy of 0.00 %
2024-12-16 15:34:37,915 - MulticlassClassificationJupiterModel - DEBUG - prediction = b'Finance_Banque_Appel-de-Fond' with an accuracy of 0.01 %
2024-12-16 15:34:37,915 - MulticlassClassificationJupiterModel - DEBUG - prediction = b'Juridique_Contrat_Accord-Confidentialit\xc3\xa9' with an accuracy of 0.00 %
2024-12-16 15:34:37,915 - MulticlassClassificationJupiterModel - DEBUG - prediction = b'Technique_Expertise_Diagnostique' with an accuracy of 0.00 %
2024-12-16 15:34:37,915 - MulticlassClassificationJupiterModel - DEBUG - prediction = b'Juridique_Statut_KBis' with an accuracy of 0.00 %
2024-12-16 15:34:37,915 - MulticlassClassificationJupiterModel - DEBUG - prediction = b'Administratif_Etat-Civil_CNI' with an accuracy of 0.00 %
2024-12-16 15:34:37,915 - MulticlassClassificationJupiterModel - DEBUG - prediction = b'Finance_Banque_AOP' with an accuracy of 0.00 %
2024-12-16 15:34:37,916 - MulticlassClassificationJupiterModel - DEBUG - prediction = b'Juridique_Statut_Soci\xc3\xa9t\xc3\xa9' with an accuracy of 0.12 %
2024-12-16 15:34:37,916 - MulticlassClassificationJupiterModel - DEBUG - prediction = b'Juridique_Convention_Honoraire' with an accuracy of 0.03 %
2024-12-16 15:34:37,916 - MulticlassClassificationJupiterModel - DEBUG - prediction = b'Juridique_Acte_Certificat Urbanisme' with an accuracy of 0.00 %
2024-12-16 15:34:37,916 - MulticlassClassificationJupiterModel - DEBUG - Best prediction  = b'Finance_Banque_BPOP-PRET' with an accuracy of 80.64 %
2024-12-16 15:48:39,931 - MulticlassClassificationJupiterModel - DEBUG - No GPU found
2024-12-16 15:48:42,470 - MulticlassClassificationJupiterModel - DEBUG - prediction = b'Finance_Banque_BPOP-PRET' with an accuracy of 0.00 %
2024-12-16 15:48:42,470 - MulticlassClassificationJupiterModel - DEBUG - prediction = b'Finance_Facture_Fournisseur' with an accuracy of 0.17 %
2024-12-16 15:48:42,470 - MulticlassClassificationJupiterModel - DEBUG - prediction = b'Finance_Banque_Mandat-Creancier' with an accuracy of 0.00 %
2024-12-16 15:48:42,471 - MulticlassClassificationJupiterModel - DEBUG - prediction = b'Finance_Banque_Releve' with an accuracy of 0.00 %
2024-12-16 15:48:42,471 - MulticlassClassificationJupiterModel - DEBUG - prediction = b'Finance_Facture_Honoraire' with an accuracy of 0.65 %
2024-12-16 15:48:42,471 - MulticlassClassificationJupiterModel - DEBUG - prediction = b'Finance_Facture_Client' with an accuracy of 0.00 %
2024-12-16 15:48:42,471 - MulticlassClassificationJupiterModel - DEBUG - prediction = b'Finance_Facture_Banque' with an accuracy of 0.00 %
2024-12-16 15:48:42,471 - MulticlassClassificationJupiterModel - DEBUG - prediction = b'Finance_Banque_Mandat-Pr\xc3\xa9l\xc3\xa8vement' with an accuracy of 0.00 %
2024-12-16 15:48:42,471 - MulticlassClassificationJupiterModel - DEBUG - prediction = b'Juridique_Acte_Vente' with an accuracy of 0.00 %
2024-12-16 15:48:42,471 - MulticlassClassificationJupiterModel - DEBUG - prediction = b'Juridique_Acte_Certificat-Urbanisme' with an accuracy of 0.00 %
2024-12-16 15:48:42,471 - MulticlassClassificationJupiterModel - DEBUG - prediction = b'Finance_Banque_PRET' with an accuracy of 0.00 %
2024-12-16 15:48:42,471 - MulticlassClassificationJupiterModel - DEBUG - prediction = b'Administratif_Ursaff_D\xc3\xa9claration-Sociale-Nominative' with an accuracy of 0.00 %
2024-12-16 15:48:42,471 - MulticlassClassificationJupiterModel - DEBUG - prediction = b'Courrier_LRAR_Accuse' with an accuracy of 0.07 %
2024-12-16 15:48:42,471 - MulticlassClassificationJupiterModel - DEBUG - prediction = b'Finance_Banque_IBAN-RIB' with an accuracy of 0.03 %
2024-12-16 15:48:42,471 - MulticlassClassificationJupiterModel - DEBUG - prediction = b'Juridique_Acte_Procuration' with an accuracy of 0.00 %
2024-12-16 15:48:42,471 - MulticlassClassificationJupiterModel - DEBUG - prediction = b'Familles_Administratif_EHF' with an accuracy of 1.16 %
2024-12-16 15:48:42,471 - MulticlassClassificationJupiterModel - DEBUG - prediction = b'Administratif_Etat-Civil_Actes' with an accuracy of 0.00 %
2024-12-16 15:48:42,471 - MulticlassClassificationJupiterModel - DEBUG - prediction = b'Finance_Banque_Appel-de-Fond' with an accuracy of 0.00 %
2024-12-16 15:48:42,471 - MulticlassClassificationJupiterModel - DEBUG - prediction = b'Juridique_Contrat_Accord-Confidentialit\xc3\xa9' with an accuracy of 0.00 %
2024-12-16 15:48:42,471 - MulticlassClassificationJupiterModel - DEBUG - prediction = b'Technique_Expertise_Diagnostique' with an accuracy of 10.35 %
2024-12-16 15:48:42,471 - MulticlassClassificationJupiterModel - DEBUG - prediction = b'Juridique_Statut_KBis' with an accuracy of 0.00 %
2024-12-16 15:48:42,471 - MulticlassClassificationJupiterModel - DEBUG - prediction = b'Administratif_Etat-Civil_CNI' with an accuracy of 87.56 %
2024-12-16 15:48:42,471 - MulticlassClassificationJupiterModel - DEBUG - prediction = b'Finance_Banque_AOP' with an accuracy of 0.00 %
2024-12-16 15:48:42,471 - MulticlassClassificationJupiterModel - DEBUG - prediction = b'Juridique_Statut_Soci\xc3\xa9t\xc3\xa9' with an accuracy of 0.00 %
2024-12-16 15:48:42,471 - MulticlassClassificationJupiterModel - DEBUG - prediction = b'Juridique_Convention_Honoraire' with an accuracy of 0.00 %
2024-12-16 15:48:42,471 - MulticlassClassificationJupiterModel - DEBUG - prediction = b'Juridique_Acte_Certificat Urbanisme' with an accuracy of 0.00 %
2024-12-16 15:48:42,471 - MulticlassClassificationJupiterModel - DEBUG - Best prediction  = b'Administratif_Etat-Civil_CNI' with an accuracy of 87.56 %
2024-12-16 15:48:44,457 - MulticlassClassificationJupiterModel - DEBUG - No GPU found
2024-12-16 15:48:44,789 - MulticlassClassificationJupiterModel - DEBUG - prediction = b'Finance_Banque_BPOP-PRET' with an accuracy of 2.24 %
2024-12-16 15:48:44,789 - MulticlassClassificationJupiterModel - DEBUG - prediction = b'Finance_Facture_Fournisseur' with an accuracy of 7.08 %
2024-12-16 15:48:44,789 - MulticlassClassificationJupiterModel - DEBUG - prediction = b'Finance_Banque_Mandat-Creancier' with an accuracy of 0.01 %
2024-12-16 15:48:44,790 - MulticlassClassificationJupiterModel - DEBUG - prediction = b'Finance_Banque_Releve' with an accuracy of 1.78 %
2024-12-16 15:48:44,790 - MulticlassClassificationJupiterModel - DEBUG - prediction = b'Finance_Facture_Honoraire' with an accuracy of 2.52 %
2024-12-16 15:48:44,790 - MulticlassClassificationJupiterModel - DEBUG - prediction = b'Finance_Facture_Client' with an accuracy of 0.00 %
2024-12-16 15:48:44,790 - MulticlassClassificationJupiterModel - DEBUG - prediction = b'Finance_Facture_Banque' with an accuracy of 0.28 %
2024-12-16 15:48:44,790 - MulticlassClassificationJupiterModel - DEBUG - prediction = b'Finance_Banque_Mandat-Pr\xc3\xa9l\xc3\xa8vement' with an accuracy of 0.00 %
2024-12-16 15:48:44,790 - MulticlassClassificationJupiterModel - DEBUG - prediction = b'Juridique_Acte_Vente' with an accuracy of 0.24 %
2024-12-16 15:48:44,790 - MulticlassClassificationJupiterModel - DEBUG - prediction = b'Juridique_Acte_Certificat-Urbanisme' with an accuracy of 0.17 %
2024-12-16 15:48:44,790 - MulticlassClassificationJupiterModel - DEBUG - prediction = b'Finance_Banque_PRET' with an accuracy of 37.92 %
2024-12-16 15:48:44,790 - MulticlassClassificationJupiterModel - DEBUG - prediction = b'Administratif_Ursaff_D\xc3\xa9claration-Sociale-Nominative' with an accuracy of 0.14 %
2024-12-16 15:48:44,790 - MulticlassClassificationJupiterModel - DEBUG - prediction = b'Courrier_LRAR_Accuse' with an accuracy of 0.00 %
2024-12-16 15:48:44,790 - MulticlassClassificationJupiterModel - DEBUG - prediction = b'Finance_Banque_IBAN-RIB' with an accuracy of 0.91 %
2024-12-16 15:48:44,790 - MulticlassClassificationJupiterModel - DEBUG - prediction = b'Juridique_Acte_Procuration' with an accuracy of 0.00 %
2024-12-16 15:48:44,790 - MulticlassClassificationJupiterModel - DEBUG - prediction = b'Familles_Administratif_EHF' with an accuracy of 0.51 %
2024-12-16 15:48:44,790 - MulticlassClassificationJupiterModel - DEBUG - prediction = b'Administratif_Etat-Civil_Actes' with an accuracy of 0.04 %
2024-12-16 15:48:44,790 - MulticlassClassificationJupiterModel - DEBUG - prediction = b'Finance_Banque_Appel-de-Fond' with an accuracy of 0.94 %
2024-12-16 15:48:44,790 - MulticlassClassificationJupiterModel - DEBUG - prediction = b'Juridique_Contrat_Accord-Confidentialit\xc3\xa9' with an accuracy of 20.72 %
2024-12-16 15:48:44,790 - MulticlassClassificationJupiterModel - DEBUG - prediction = b'Technique_Expertise_Diagnostique' with an accuracy of 23.47 %
2024-12-16 15:48:44,790 - MulticlassClassificationJupiterModel - DEBUG - prediction = b'Juridique_Statut_KBis' with an accuracy of 0.05 %
2024-12-16 15:48:44,790 - MulticlassClassificationJupiterModel - DEBUG - prediction = b'Administratif_Etat-Civil_CNI' with an accuracy of 0.92 %
2024-12-16 15:48:44,790 - MulticlassClassificationJupiterModel - DEBUG - prediction = b'Finance_Banque_AOP' with an accuracy of 0.00 %
2024-12-16 15:48:44,790 - MulticlassClassificationJupiterModel - DEBUG - prediction = b'Juridique_Statut_Soci\xc3\xa9t\xc3\xa9' with an accuracy of 0.03 %
2024-12-16 15:48:44,790 - MulticlassClassificationJupiterModel - DEBUG - prediction = b'Juridique_Convention_Honoraire' with an accuracy of 0.03 %
2024-12-16 15:48:44,790 - MulticlassClassificationJupiterModel - DEBUG - prediction = b'Juridique_Acte_Certificat Urbanisme' with an accuracy of 0.01 %
2024-12-16 15:48:44,790 - MulticlassClassificationJupiterModel - DEBUG - Best prediction  = b'Finance_Banque_PRET' with an accuracy of 37.92 %
2024-12-16 15:53:12,013 - MulticlassClassificationJupiterModel - DEBUG - No GPU found
2024-12-16 15:53:14,855 - MulticlassClassificationJupiterModel - DEBUG - prediction = b'Finance_Banque_BPOP-PRET' with an accuracy of 0.00 %
2024-12-16 15:53:14,855 - MulticlassClassificationJupiterModel - DEBUG - prediction = b'Finance_Facture_Fournisseur' with an accuracy of 7.90 %
2024-12-16 15:53:14,855 - MulticlassClassificationJupiterModel - DEBUG - prediction = b'Finance_Banque_Mandat-Creancier' with an accuracy of 0.00 %
2024-12-16 15:53:14,855 - MulticlassClassificationJupiterModel - DEBUG - prediction = b'Finance_Banque_Releve' with an accuracy of 0.02 %
2024-12-16 15:53:14,855 - MulticlassClassificationJupiterModel - DEBUG - prediction = b'Finance_Facture_Honoraire' with an accuracy of 4.32 %
2024-12-16 15:53:14,855 - MulticlassClassificationJupiterModel - DEBUG - prediction = b'Finance_Facture_Client' with an accuracy of 0.00 %
2024-12-16 15:53:14,855 - MulticlassClassificationJupiterModel - DEBUG - prediction = b'Finance_Facture_Banque' with an accuracy of 0.00 %
2024-12-16 15:53:14,855 - MulticlassClassificationJupiterModel - DEBUG - prediction = b'Finance_Banque_Mandat-Pr\xc3\xa9l\xc3\xa8vement' with an accuracy of 0.00 %
2024-12-16 15:53:14,855 - MulticlassClassificationJupiterModel - DEBUG - prediction = b'Juridique_Acte_Vente' with an accuracy of 0.00 %
2024-12-16 15:53:14,855 - MulticlassClassificationJupiterModel - DEBUG - prediction = b'Juridique_Acte_Certificat-Urbanisme' with an accuracy of 0.00 %
2024-12-16 15:53:14,855 - MulticlassClassificationJupiterModel - DEBUG - prediction = b'Finance_Banque_PRET' with an accuracy of 0.00 %
2024-12-16 15:53:14,855 - MulticlassClassificationJupiterModel - DEBUG - prediction = b'Administratif_Ursaff_D\xc3\xa9claration-Sociale-Nominative' with an accuracy of 0.00 %
2024-12-16 15:53:14,855 - MulticlassClassificationJupiterModel - DEBUG - prediction = b'Courrier_LRAR_Accuse' with an accuracy of 0.01 %
2024-12-16 15:53:14,855 - MulticlassClassificationJupiterModel - DEBUG - prediction = b'Finance_Banque_IBAN-RIB' with an accuracy of 0.02 %
2024-12-16 15:53:14,855 - MulticlassClassificationJupiterModel - DEBUG - prediction = b'Juridique_Acte_Procuration' with an accuracy of 0.00 %
2024-12-16 15:53:14,855 - MulticlassClassificationJupiterModel - DEBUG - prediction = b'Familles_Administratif_EHF' with an accuracy of 0.02 %
2024-12-16 15:53:14,855 - MulticlassClassificationJupiterModel - DEBUG - prediction = b'Administratif_Etat-Civil_Actes' with an accuracy of 0.00 %
2024-12-16 15:53:14,855 - MulticlassClassificationJupiterModel - DEBUG - prediction = b'Finance_Banque_Appel-de-Fond' with an accuracy of 0.00 %
2024-12-16 15:53:14,856 - MulticlassClassificationJupiterModel - DEBUG - prediction = b'Juridique_Contrat_Accord-Confidentialit\xc3\xa9' with an accuracy of 0.00 %
2024-12-16 15:53:14,856 - MulticlassClassificationJupiterModel - DEBUG - prediction = b'Technique_Expertise_Diagnostique' with an accuracy of 2.52 %
2024-12-16 15:53:14,856 - MulticlassClassificationJupiterModel - DEBUG - prediction = b'Juridique_Statut_KBis' with an accuracy of 0.00 %
2024-12-16 15:53:14,856 - MulticlassClassificationJupiterModel - DEBUG - prediction = b'Administratif_Etat-Civil_CNI' with an accuracy of 85.19 %
2024-12-16 15:53:14,856 - MulticlassClassificationJupiterModel - DEBUG - prediction = b'Finance_Banque_AOP' with an accuracy of 0.00 %
2024-12-16 15:53:14,856 - MulticlassClassificationJupiterModel - DEBUG - prediction = b'Juridique_Statut_Soci\xc3\xa9t\xc3\xa9' with an accuracy of 0.00 %
2024-12-16 15:53:14,856 - MulticlassClassificationJupiterModel - DEBUG - prediction = b'Juridique_Convention_Honoraire' with an accuracy of 0.00 %
2024-12-16 15:53:14,856 - MulticlassClassificationJupiterModel - DEBUG - prediction = b'Juridique_Acte_Certificat Urbanisme' with an accuracy of 0.00 %
2024-12-16 15:53:14,856 - MulticlassClassificationJupiterModel - DEBUG - Best prediction  = b'Administratif_Etat-Civil_CNI' with an accuracy of 85.19 %
2024-12-16 15:53:16,401 - MulticlassClassificationJupiterModel - DEBUG - No GPU found
2024-12-16 15:53:16,727 - MulticlassClassificationJupiterModel - DEBUG - prediction = b'Finance_Banque_BPOP-PRET' with an accuracy of 1.22 %
2024-12-16 15:53:16,727 - MulticlassClassificationJupiterModel - DEBUG - prediction = b'Finance_Facture_Fournisseur' with an accuracy of 9.45 %
2024-12-16 15:53:16,727 - MulticlassClassificationJupiterModel - DEBUG - prediction = b'Finance_Banque_Mandat-Creancier' with an accuracy of 0.02 %
2024-12-16 15:53:16,727 - MulticlassClassificationJupiterModel - DEBUG - prediction = b'Finance_Banque_Releve' with an accuracy of 2.03 %
2024-12-16 15:53:16,727 - MulticlassClassificationJupiterModel - DEBUG - prediction = b'Finance_Facture_Honoraire' with an accuracy of 3.32 %
2024-12-16 15:53:16,727 - MulticlassClassificationJupiterModel - DEBUG - prediction = b'Finance_Facture_Client' with an accuracy of 0.00 %
2024-12-16 15:53:16,728 - MulticlassClassificationJupiterModel - DEBUG - prediction = b'Finance_Facture_Banque' with an accuracy of 0.17 %
2024-12-16 15:53:16,728 - MulticlassClassificationJupiterModel - DEBUG - prediction = b'Finance_Banque_Mandat-Pr\xc3\xa9l\xc3\xa8vement' with an accuracy of 0.00 %
2024-12-16 15:53:16,728 - MulticlassClassificationJupiterModel - DEBUG - prediction = b'Juridique_Acte_Vente' with an accuracy of 0.12 %
2024-12-16 15:53:16,728 - MulticlassClassificationJupiterModel - DEBUG - prediction = b'Juridique_Acte_Certificat-Urbanisme' with an accuracy of 0.15 %
2024-12-16 15:53:16,728 - MulticlassClassificationJupiterModel - DEBUG - prediction = b'Finance_Banque_PRET' with an accuracy of 31.10 %
2024-12-16 15:53:16,728 - MulticlassClassificationJupiterModel - DEBUG - prediction = b'Administratif_Ursaff_D\xc3\xa9claration-Sociale-Nominative' with an accuracy of 0.15 %
2024-12-16 15:53:16,728 - MulticlassClassificationJupiterModel - DEBUG - prediction = b'Courrier_LRAR_Accuse' with an accuracy of 0.00 %
2024-12-16 15:53:16,728 - MulticlassClassificationJupiterModel - DEBUG - prediction = b'Finance_Banque_IBAN-RIB' with an accuracy of 0.72 %
2024-12-16 15:53:16,728 - MulticlassClassificationJupiterModel - DEBUG - prediction = b'Juridique_Acte_Procuration' with an accuracy of 0.00 %
2024-12-16 15:53:16,728 - MulticlassClassificationJupiterModel - DEBUG - prediction = b'Familles_Administratif_EHF' with an accuracy of 0.87 %
2024-12-16 15:53:16,728 - MulticlassClassificationJupiterModel - DEBUG - prediction = b'Administratif_Etat-Civil_Actes' with an accuracy of 0.05 %
2024-12-16 15:53:16,728 - MulticlassClassificationJupiterModel - DEBUG - prediction = b'Finance_Banque_Appel-de-Fond' with an accuracy of 1.10 %
2024-12-16 15:53:16,728 - MulticlassClassificationJupiterModel - DEBUG - prediction = b'Juridique_Contrat_Accord-Confidentialit\xc3\xa9' with an accuracy of 36.90 %
2024-12-16 15:53:16,728 - MulticlassClassificationJupiterModel - DEBUG - prediction = b'Technique_Expertise_Diagnostique' with an accuracy of 11.53 %
2024-12-16 15:53:16,728 - MulticlassClassificationJupiterModel - DEBUG - prediction = b'Juridique_Statut_KBis' with an accuracy of 0.03 %
2024-12-16 15:53:16,728 - MulticlassClassificationJupiterModel - DEBUG - prediction = b'Administratif_Etat-Civil_CNI' with an accuracy of 1.03 %
2024-12-16 15:53:16,728 - MulticlassClassificationJupiterModel - DEBUG - prediction = b'Finance_Banque_AOP' with an accuracy of 0.00 %
2024-12-16 15:53:16,728 - MulticlassClassificationJupiterModel - DEBUG - prediction = b'Juridique_Statut_Soci\xc3\xa9t\xc3\xa9' with an accuracy of 0.01 %
2024-12-16 15:53:16,728 - MulticlassClassificationJupiterModel - DEBUG - prediction = b'Juridique_Convention_Honoraire' with an accuracy of 0.03 %
2024-12-16 15:53:16,728 - MulticlassClassificationJupiterModel - DEBUG - prediction = b'Juridique_Acte_Certificat Urbanisme' with an accuracy of 0.01 %
2024-12-16 15:53:16,728 - MulticlassClassificationJupiterModel - DEBUG - Best prediction  = b'Juridique_Contrat_Accord-Confidentialit\xc3\xa9' with an accuracy of 36.90 %
2024-12-17 11:01:40,222 - MulticlassClassificationJupiterModel - DEBUG - No GPU found
2024-12-17 11:01:43,051 - MulticlassClassificationJupiterModel - DEBUG - prediction = b'Finance_Banque_BPOP-PRET' with an accuracy of 0.00 %
2024-12-17 11:01:43,051 - MulticlassClassificationJupiterModel - DEBUG - prediction = b'Finance_Facture_Fournisseur' with an accuracy of 3.16 %
2024-12-17 11:01:43,051 - MulticlassClassificationJupiterModel - DEBUG - prediction = b'Finance_Banque_Mandat-Creancier' with an accuracy of 0.00 %
2024-12-17 11:01:43,051 - MulticlassClassificationJupiterModel - DEBUG - prediction = b'Finance_Banque_Releve' with an accuracy of 0.00 %
2024-12-17 11:01:43,052 - MulticlassClassificationJupiterModel - DEBUG - prediction = b'Finance_Facture_Honoraire' with an accuracy of 10.28 %
2024-12-17 11:01:43,052 - MulticlassClassificationJupiterModel - DEBUG - prediction = b'Finance_Facture_Client' with an accuracy of 0.00 %
2024-12-17 11:01:43,052 - MulticlassClassificationJupiterModel - DEBUG - prediction = b'Finance_Facture_Banque' with an accuracy of 0.00 %
2024-12-17 11:01:43,052 - MulticlassClassificationJupiterModel - DEBUG - prediction = b'Finance_Banque_Mandat-Pr\xc3\xa9l\xc3\xa8vement' with an accuracy of 0.00 %
2024-12-17 11:01:43,052 - MulticlassClassificationJupiterModel - DEBUG - prediction = b'Juridique_Acte_Vente' with an accuracy of 0.00 %
2024-12-17 11:01:43,052 - MulticlassClassificationJupiterModel - DEBUG - prediction = b'Juridique_Acte_Certificat-Urbanisme' with an accuracy of 0.00 %
2024-12-17 11:01:43,052 - MulticlassClassificationJupiterModel - DEBUG - prediction = b'Finance_Banque_PRET' with an accuracy of 0.00 %
2024-12-17 11:01:43,052 - MulticlassClassificationJupiterModel - DEBUG - prediction = b'Administratif_Ursaff_D\xc3\xa9claration-Sociale-Nominative' with an accuracy of 0.00 %
2024-12-17 11:01:43,052 - MulticlassClassificationJupiterModel - DEBUG - prediction = b'Courrier_LRAR_Accuse' with an accuracy of 0.02 %
2024-12-17 11:01:43,052 - MulticlassClassificationJupiterModel - DEBUG - prediction = b'Finance_Banque_IBAN-RIB' with an accuracy of 0.02 %
2024-12-17 11:01:43,052 - MulticlassClassificationJupiterModel - DEBUG - prediction = b'Juridique_Acte_Procuration' with an accuracy of 0.00 %
2024-12-17 11:01:43,052 - MulticlassClassificationJupiterModel - DEBUG - prediction = b'Familles_Administratif_EHF' with an accuracy of 0.12 %
2024-12-17 11:01:43,052 - MulticlassClassificationJupiterModel - DEBUG - prediction = b'Administratif_Etat-Civil_Actes' with an accuracy of 0.00 %
2024-12-17 11:01:43,052 - MulticlassClassificationJupiterModel - DEBUG - prediction = b'Finance_Banque_Appel-de-Fond' with an accuracy of 0.00 %
2024-12-17 11:01:43,052 - MulticlassClassificationJupiterModel - DEBUG - prediction = b'Juridique_Contrat_Accord-Confidentialit\xc3\xa9' with an accuracy of 0.00 %
2024-12-17 11:01:43,052 - MulticlassClassificationJupiterModel - DEBUG - prediction = b'Technique_Expertise_Diagnostique' with an accuracy of 4.52 %
2024-12-17 11:01:43,052 - MulticlassClassificationJupiterModel - DEBUG - prediction = b'Juridique_Statut_KBis' with an accuracy of 0.00 %
2024-12-17 11:01:43,052 - MulticlassClassificationJupiterModel - DEBUG - prediction = b'Administratif_Etat-Civil_CNI' with an accuracy of 81.88 %
2024-12-17 11:01:43,052 - MulticlassClassificationJupiterModel - DEBUG - prediction = b'Finance_Banque_AOP' with an accuracy of 0.00 %
2024-12-17 11:01:43,052 - MulticlassClassificationJupiterModel - DEBUG - prediction = b'Juridique_Statut_Soci\xc3\xa9t\xc3\xa9' with an accuracy of 0.00 %
2024-12-17 11:01:43,052 - MulticlassClassificationJupiterModel - DEBUG - prediction = b'Juridique_Convention_Honoraire' with an accuracy of 0.00 %
2024-12-17 11:01:43,052 - MulticlassClassificationJupiterModel - DEBUG - prediction = b'Juridique_Acte_Certificat Urbanisme' with an accuracy of 0.00 %
2024-12-17 11:01:43,053 - MulticlassClassificationJupiterModel - DEBUG - Best prediction  = b'Administratif_Etat-Civil_CNI' with an accuracy of 81.88 %
2024-12-17 11:01:44,588 - MulticlassClassificationJupiterModel - DEBUG - No GPU found
2024-12-17 11:01:44,914 - MulticlassClassificationJupiterModel - DEBUG - prediction = b'Finance_Banque_BPOP-PRET' with an accuracy of 1.37 %
2024-12-17 11:01:44,914 - MulticlassClassificationJupiterModel - DEBUG - prediction = b'Finance_Facture_Fournisseur' with an accuracy of 9.04 %
2024-12-17 11:01:44,914 - MulticlassClassificationJupiterModel - DEBUG - prediction = b'Finance_Banque_Mandat-Creancier' with an accuracy of 0.03 %
2024-12-17 11:01:44,914 - MulticlassClassificationJupiterModel - DEBUG - prediction = b'Finance_Banque_Releve' with an accuracy of 0.84 %
2024-12-17 11:01:44,914 - MulticlassClassificationJupiterModel - DEBUG - prediction = b'Finance_Facture_Honoraire' with an accuracy of 1.68 %
2024-12-17 11:01:44,914 - MulticlassClassificationJupiterModel - DEBUG - prediction = b'Finance_Facture_Client' with an accuracy of 0.00 %
2024-12-17 11:01:44,914 - MulticlassClassificationJupiterModel - DEBUG - prediction = b'Finance_Facture_Banque' with an accuracy of 0.04 %
2024-12-17 11:01:44,914 - MulticlassClassificationJupiterModel - DEBUG - prediction = b'Finance_Banque_Mandat-Pr\xc3\xa9l\xc3\xa8vement' with an accuracy of 0.00 %
2024-12-17 11:01:44,914 - MulticlassClassificationJupiterModel - DEBUG - prediction = b'Juridique_Acte_Vente' with an accuracy of 0.24 %
2024-12-17 11:01:44,914 - MulticlassClassificationJupiterModel - DEBUG - prediction = b'Juridique_Acte_Certificat-Urbanisme' with an accuracy of 0.11 %
2024-12-17 11:01:44,914 - MulticlassClassificationJupiterModel - DEBUG - prediction = b'Finance_Banque_PRET' with an accuracy of 40.56 %
2024-12-17 11:01:44,914 - MulticlassClassificationJupiterModel - DEBUG - prediction = b'Administratif_Ursaff_D\xc3\xa9claration-Sociale-Nominative' with an accuracy of 0.05 %
2024-12-17 11:01:44,914 - MulticlassClassificationJupiterModel - DEBUG - prediction = b'Courrier_LRAR_Accuse' with an accuracy of 0.00 %
2024-12-17 11:01:44,914 - MulticlassClassificationJupiterModel - DEBUG - prediction = b'Finance_Banque_IBAN-RIB' with an accuracy of 0.41 %
2024-12-17 11:01:44,914 - MulticlassClassificationJupiterModel - DEBUG - prediction = b'Juridique_Acte_Procuration' with an accuracy of 0.00 %
2024-12-17 11:01:44,914 - MulticlassClassificationJupiterModel - DEBUG - prediction = b'Familles_Administratif_EHF' with an accuracy of 0.49 %
2024-12-17 11:01:44,914 - MulticlassClassificationJupiterModel - DEBUG - prediction = b'Administratif_Etat-Civil_Actes' with an accuracy of 0.03 %
2024-12-17 11:01:44,915 - MulticlassClassificationJupiterModel - DEBUG - prediction = b'Finance_Banque_Appel-de-Fond' with an accuracy of 2.12 %
2024-12-17 11:01:44,915 - MulticlassClassificationJupiterModel - DEBUG - prediction = b'Juridique_Contrat_Accord-Confidentialit\xc3\xa9' with an accuracy of 35.20 %
2024-12-17 11:01:44,915 - MulticlassClassificationJupiterModel - DEBUG - prediction = b'Technique_Expertise_Diagnostique' with an accuracy of 7.29 %
2024-12-17 11:01:44,915 - MulticlassClassificationJupiterModel - DEBUG - prediction = b'Juridique_Statut_KBis' with an accuracy of 0.02 %
2024-12-17 11:01:44,915 - MulticlassClassificationJupiterModel - DEBUG - prediction = b'Administratif_Etat-Civil_CNI' with an accuracy of 0.45 %
2024-12-17 11:01:44,915 - MulticlassClassificationJupiterModel - DEBUG - prediction = b'Finance_Banque_AOP' with an accuracy of 0.00 %
2024-12-17 11:01:44,915 - MulticlassClassificationJupiterModel - DEBUG - prediction = b'Juridique_Statut_Soci\xc3\xa9t\xc3\xa9' with an accuracy of 0.01 %
2024-12-17 11:01:44,915 - MulticlassClassificationJupiterModel - DEBUG - prediction = b'Juridique_Convention_Honoraire' with an accuracy of 0.01 %
2024-12-17 11:01:44,915 - MulticlassClassificationJupiterModel - DEBUG - prediction = b'Juridique_Acte_Certificat Urbanisme' with an accuracy of 0.00 %
2024-12-17 11:01:44,915 - MulticlassClassificationJupiterModel - DEBUG - Best prediction  = b'Finance_Banque_PRET' with an accuracy of 40.56 %
