2024-12-20 11:24:43,397 - Measures - DEBUG - get_text_and_tables_from_pdf executed in 6.0445 seconds 
2024-12-20 11:24:43,399 - Measures - DEBUG - sanitize_text executed in 0.0020 seconds 
2024-12-20 11:24:52,633 - Measures - DEBUG - get_key_words executed in 9.2358 seconds 
2024-12-20 11:24:55,114 - Measures - DEBUG - inference executed in 2.4801 seconds 
2024-12-20 11:24:55,114 - Measures - DEBUG - get_classification executed in 17.7617 seconds 
2024-12-20 11:24:55,114 - Measures - DEBUG - do_test_classifier executed in 17.7618 seconds 
2024-12-20 11:25:12,029 - Measures - DEBUG - get_text_and_tables_from_pdf executed in 6.7715 seconds 
2024-12-20 11:25:16,258 - Measures - DEBUG - extract_data executed in 11.0016 seconds 
2024-12-20 11:25:16,258 - Measures - DEBUG - do_test_odp executed in 11.0026 seconds 
2024-12-20 13:40:18,193 - Measures - DEBUG - get_text_and_tables_from_pdf executed in 1.9764 seconds 
2024-12-20 13:40:18,193 - Measures - DEBUG - sanitize_text executed in 0.0006 seconds 
2024-12-20 13:40:24,487 - Measures - DEBUG - get_key_words executed in 6.2945 seconds 
2024-12-20 13:40:26,933 - Measures - DEBUG - inference executed in 2.4449 seconds 
2024-12-20 13:40:26,933 - Measures - DEBUG - get_classification executed in 10.7165 seconds 
2024-12-20 13:40:26,933 - Measures - DEBUG - do_test_classifier executed in 10.7165 seconds 
2024-12-20 13:40:29,022 - Measures - DEBUG - get_text_and_tables_from_pdf executed in 2.0881 seconds 
2024-12-20 13:40:31,280 - Measures - DEBUG - extract_data executed in 4.3469 seconds 
2024-12-20 13:40:31,280 - Measures - DEBUG - do_test_odp executed in 4.3471 seconds 
2024-12-20 13:43:31,216 - Measures - DEBUG - get_text_and_tables_from_pdf executed in 2.0189 seconds 
2024-12-20 13:43:31,217 - Measures - DEBUG - sanitize_text executed in 0.0006 seconds 
2024-12-20 13:43:37,510 - Measures - DEBUG - get_key_words executed in 6.2940 seconds 
2024-12-20 13:43:39,979 - Measures - DEBUG - inference executed in 2.4678 seconds 
2024-12-20 13:43:39,979 - Measures - DEBUG - get_classification executed in 10.7814 seconds 
2024-12-20 13:43:39,979 - Measures - DEBUG - do_test_classifier executed in 10.7815 seconds 
2024-12-20 13:43:42,082 - Measures - DEBUG - get_text_and_tables_from_pdf executed in 2.1023 seconds 
2024-12-20 13:43:44,351 - Measures - DEBUG - extract_data executed in 4.3715 seconds 
2024-12-20 13:43:44,351 - Measures - DEBUG - do_test_odp executed in 4.3717 seconds 
2024-12-20 14:42:17,907 - Measures - DEBUG - get_text_and_tables_from_pdf executed in 1.9944 seconds 
2024-12-20 14:42:17,908 - Measures - DEBUG - sanitize_text executed in 0.0006 seconds 
2024-12-20 14:42:24,239 - Measures - DEBUG - get_key_words executed in 6.3314 seconds 
2024-12-20 14:42:26,704 - Measures - DEBUG - inference executed in 2.4647 seconds 
2024-12-20 14:42:26,704 - Measures - DEBUG - get_classification executed in 10.7912 seconds 
2024-12-20 14:42:26,704 - Measures - DEBUG - do_test_classifier executed in 10.7912 seconds 
2024-12-20 14:42:28,817 - Measures - DEBUG - get_text_and_tables_from_pdf executed in 2.1130 seconds 
2024-12-20 14:42:31,076 - Measures - DEBUG - extract_data executed in 4.3713 seconds 
2024-12-20 14:42:31,076 - Measures - DEBUG - do_test_odp executed in 4.3715 seconds 
2024-12-20 16:52:39,515 - Measures - DEBUG - get_text_and_tables_from_pdf executed in 2.0058 seconds 
2024-12-20 16:52:39,515 - Measures - DEBUG - sanitize_text executed in 0.0006 seconds 
2024-12-20 16:52:45,811 - Measures - DEBUG - get_key_words executed in 6.2958 seconds 
2024-12-20 16:52:48,215 - Measures - DEBUG - inference executed in 2.4037 seconds 
2024-12-20 16:52:48,215 - Measures - DEBUG - get_classification executed in 10.7059 seconds 
2024-12-20 16:52:48,215 - Measures - DEBUG - do_test_classifier executed in 10.7059 seconds 
2024-12-20 16:52:50,321 - Measures - DEBUG - get_text_and_tables_from_pdf executed in 2.1058 seconds 
2024-12-20 16:52:52,586 - Measures - DEBUG - extract_data executed in 4.3710 seconds 
2024-12-20 16:52:52,586 - Measures - DEBUG - do_test_odp executed in 4.3711 seconds 
2024-12-22 09:08:35,259 - Measures - DEBUG - get_text_and_tables_from_pdf executed in 0.0130 seconds 
2024-12-22 09:08:49,251 - Measures - DEBUG - get_key_words executed in 0.0006 seconds 
2024-12-22 09:08:49,251 - Measures - DEBUG - get_classification executed in 17.6942 seconds 
2024-12-22 09:08:49,252 - Measures - DEBUG - do_test_classifier executed in 17.6943 seconds 
2024-12-22 09:09:48,832 - Measures - DEBUG - get_text_and_tables_from_pdf executed in 0.0240 seconds 
2024-12-22 09:10:04,721 - Measures - DEBUG - get_classification executed in 18.9045 seconds 
2024-12-22 09:10:04,721 - Measures - DEBUG - do_test_classifier executed in 18.9046 seconds 
2024-12-22 09:13:40,186 - Measures - DEBUG - get_text_and_tables_from_pdf executed in 0.0122 seconds 
2024-12-22 09:17:10,334 - Measures - DEBUG - get_text_and_tables_from_pdf executed in 0.0226 seconds 
2024-12-22 09:17:16,990 - Measures - DEBUG - do_ocr executed in 1.1885 seconds 
2024-12-22 09:17:40,605 - Measures - DEBUG - get_text_and_tables_from_pdf executed in 0.3051 seconds 
2024-12-22 09:18:10,440 - Measures - DEBUG - get_classification executed in 63.0955 seconds 
2024-12-22 09:18:10,440 - Measures - DEBUG - do_test_classifier executed in 63.0957 seconds 
2024-12-22 09:19:14,937 - Measures - DEBUG - get_text_and_tables_from_pdf executed in 15.3757 seconds 
2024-12-22 09:19:16,405 - Measures - DEBUG - do_ocr executed in 1.0494 seconds 
2024-12-22 09:20:24,988 - Measures - DEBUG - get_text_and_tables_from_pdf executed in 59.5020 seconds 
2024-12-22 09:20:56,501 - Measures - DEBUG - get_classification executed in 119.4102 seconds 
2024-12-22 09:20:56,501 - Measures - DEBUG - do_test_classifier executed in 119.4103 seconds 
2024-12-22 09:22:15,334 - Measures - DEBUG - get_text_and_tables_from_pdf executed in 8.6416 seconds 
2024-12-22 09:22:27,948 - Measures - DEBUG - do_ocr executed in 1.0881 seconds 
2024-12-22 09:22:54,322 - Measures - DEBUG - get_text_and_tables_from_pdf executed in 17.9864 seconds 
2024-12-22 09:29:07,906 - Measures - DEBUG - get_text_and_tables_from_pdf executed in 3.4124 seconds 
2024-12-22 09:29:09,337 - Measures - DEBUG - do_ocr executed in 1.0523 seconds 
2024-12-22 09:29:16,729 - Measures - DEBUG - get_text_and_tables_from_pdf executed in 0.3154 seconds 
2024-12-22 09:29:29,927 - Measures - DEBUG - sanitize_text executed in 0.0008 seconds 
2024-12-22 09:29:31,009 - Measures - DEBUG - get_key_words executed in 1.0834 seconds 
2024-12-22 09:29:41,238 - Measures - DEBUG - inference executed in 3.1224 seconds 
2024-12-22 09:29:41,238 - Measures - DEBUG - get_classification executed in 40.3120 seconds 
2024-12-22 09:29:41,238 - Measures - DEBUG - do_test_classifier executed in 40.3120 seconds 
2024-12-22 09:29:44,201 - Measures - DEBUG - recognize_rois executed in 2.8816 seconds 
2024-12-22 09:29:44,202 - Measures - DEBUG - doOcr_from_pdf executed in 2.9620 seconds 
2024-12-22 09:33:02,424 - Measures - DEBUG - get_text_and_tables_from_pdf executed in 0.0176 seconds 
2024-12-22 09:33:03,794 - Measures - DEBUG - do_ocr executed in 1.0272 seconds 
2024-12-22 09:33:04,615 - Measures - DEBUG - get_text_and_tables_from_pdf executed in 0.0827 seconds 
2024-12-22 09:33:04,616 - Measures - DEBUG - sanitize_text executed in 0.0003 seconds 
2024-12-22 09:33:05,631 - Measures - DEBUG - get_key_words executed in 1.0155 seconds 
2024-12-22 09:33:08,738 - Measures - DEBUG - inference executed in 3.1056 seconds 
2024-12-22 09:33:08,738 - Measures - DEBUG - get_classification executed in 11.4501 seconds 
2024-12-22 09:33:08,738 - Measures - DEBUG - do_test_classifier executed in 11.4501 seconds 
2024-12-22 09:33:11,570 - Measures - DEBUG - recognize_rois executed in 2.7611 seconds 
2024-12-22 09:33:11,571 - Measures - DEBUG - doOcr_from_pdf executed in 2.8311 seconds 
