[2024-12-22T15:01:26.385+0000] {manager.py:483} INFO - Processing files using up to 2 processes at a time 
[2024-12-22T15:01:26.386+0000] {manager.py:484} INFO - Process each file at most once every 30 seconds
[2024-12-22T15:01:26.386+0000] {manager.py:485} INFO - Checking for new files in /opt/airflow/src/dags every 300 seconds
[2024-12-22T15:01:26.387+0000] {manager.py:821} INFO - Searching for files in /opt/airflow/src/dags
[2024-12-22T15:01:26.410+0000] {manager.py:824} INFO - There are 1 files in /opt/airflow/src/dags
[2024-12-22T15:01:26.489+0000] {manager.py:997} INFO - 
================================================================================
DAG File Processing Stats

File Path                            PID  Runtime      # DAGs    # Errors  Last Runtime    Last Run      Last # of DB Queries
---------------------------------  -----  ---------  --------  ----------  --------------  ----------  ----------------------
/opt/airflow/src/dags/training.py    167  0.02s             0           0                                                   0
================================================================================
[2024-12-22T15:01:56.659+0000] {manager.py:997} INFO - 
================================================================================
DAG File Processing Stats

File Path                            PID  Runtime      # DAGs    # Errors  Last Runtime    Last Run               Last # of DB Queries
---------------------------------  -----  ---------  --------  ----------  --------------  -------------------  ----------------------
/opt/airflow/src/dags/training.py    172  0.00s             0           1  0.12s           2024-12-22T15:01:26                       3
================================================================================
[2024-12-22T15:02:05.471+0000] {manager.py:465} INFO - Exiting gracefully upon receiving signal 15
[2024-12-22T15:02:42.581+0000] {manager.py:483} INFO - Processing files using up to 2 processes at a time 
[2024-12-22T15:02:42.581+0000] {manager.py:484} INFO - Process each file at most once every 30 seconds
[2024-12-22T15:02:42.582+0000] {manager.py:485} INFO - Checking for new files in /opt/airflow/src/dags every 300 seconds
[2024-12-22T15:02:42.582+0000] {manager.py:821} INFO - Searching for files in /opt/airflow/src/dags
[2024-12-22T15:02:42.596+0000] {manager.py:824} INFO - There are 1 files in /opt/airflow/src/dags
[2024-12-22T15:02:42.667+0000] {manager.py:997} INFO - 
================================================================================
DAG File Processing Stats

File Path                            PID  Runtime      # DAGs    # Errors  Last Runtime    Last Run      Last # of DB Queries
---------------------------------  -----  ---------  --------  ----------  --------------  ----------  ----------------------
/opt/airflow/src/dags/training.py    167  0.02s             0           0                                                   0
================================================================================
[2024-12-22T15:03:12.858+0000] {manager.py:997} INFO - 
================================================================================
DAG File Processing Stats

File Path                            PID  Runtime      # DAGs    # Errors  Last Runtime    Last Run               Last # of DB Queries
---------------------------------  -----  ---------  --------  ----------  --------------  -------------------  ----------------------
/opt/airflow/src/dags/training.py    172  0.00s             0           1  0.07s           2024-12-22T15:02:42                       3
================================================================================
[2024-12-22T15:03:43.156+0000] {manager.py:997} INFO - 
================================================================================
DAG File Processing Stats

File Path                            PID  Runtime      # DAGs    # Errors  Last Runtime    Last Run               Last # of DB Queries
---------------------------------  -----  ---------  --------  ----------  --------------  -------------------  ----------------------
/opt/airflow/src/dags/training.py    177  0.00s             0           1  0.05s           2024-12-22T15:03:12                       5
================================================================================
[2024-12-22T15:03:56.689+0000] {manager.py:465} INFO - Exiting gracefully upon receiving signal 15
[2024-12-22T15:06:59.649+0000] {manager.py:483} INFO - Processing files using up to 2 processes at a time 
[2024-12-22T15:06:59.649+0000] {manager.py:484} INFO - Process each file at most once every 30 seconds
[2024-12-22T15:06:59.650+0000] {manager.py:485} INFO - Checking for new files in /opt/airflow/src/dags every 300 seconds
[2024-12-22T15:06:59.650+0000] {manager.py:821} INFO - Searching for files in /opt/airflow/src/dags
[2024-12-22T15:06:59.671+0000] {manager.py:824} INFO - There are 1 files in /opt/airflow/src/dags
[2024-12-22T15:06:59.745+0000] {manager.py:997} INFO - 
================================================================================
DAG File Processing Stats

File Path                            PID  Runtime      # DAGs    # Errors  Last Runtime    Last Run      Last # of DB Queries
---------------------------------  -----  ---------  --------  ----------  --------------  ----------  ----------------------
/opt/airflow/src/dags/training.py    167  0.02s             0           0                                                   0
================================================================================
[2024-12-22T15:07:29.951+0000] {manager.py:997} INFO - 
================================================================================
DAG File Processing Stats

File Path                            PID  Runtime      # DAGs    # Errors  Last Runtime    Last Run               Last # of DB Queries
---------------------------------  -----  ---------  --------  ----------  --------------  -------------------  ----------------------
/opt/airflow/src/dags/training.py    172  0.00s             0           1  0.07s           2024-12-22T15:06:59                       3
================================================================================
[2024-12-22T15:08:00.271+0000] {manager.py:997} INFO - 
================================================================================
DAG File Processing Stats

File Path                            PID  Runtime      # DAGs    # Errors  Last Runtime    Last Run               Last # of DB Queries
---------------------------------  -----  ---------  --------  ----------  --------------  -------------------  ----------------------
/opt/airflow/src/dags/training.py    177  0.00s             0           1  0.06s           2024-12-22T15:07:30                       5
================================================================================
[2024-12-22T15:08:08.991+0000] {manager.py:465} INFO - Exiting gracefully upon receiving signal 15
[2024-12-22T15:21:52.031+0000] {manager.py:483} INFO - Processing files using up to 2 processes at a time 
[2024-12-22T15:21:52.032+0000] {manager.py:484} INFO - Process each file at most once every 30 seconds
[2024-12-22T15:21:52.032+0000] {manager.py:485} INFO - Checking for new files in /opt/airflow/src/dags every 300 seconds
[2024-12-22T15:21:52.032+0000] {manager.py:821} INFO - Searching for files in /opt/airflow/src/dags
[2024-12-22T15:21:52.047+0000] {manager.py:824} INFO - There are 1 files in /opt/airflow/src/dags
[2024-12-22T15:21:52.117+0000] {manager.py:997} INFO - 
================================================================================
DAG File Processing Stats

File Path                            PID  Runtime      # DAGs    # Errors  Last Runtime    Last Run      Last # of DB Queries
---------------------------------  -----  ---------  --------  ----------  --------------  ----------  ----------------------
/opt/airflow/src/dags/training.py    167  0.02s             0           0                                                   0
================================================================================
[2024-12-22T15:22:22.300+0000] {manager.py:997} INFO - 
================================================================================
DAG File Processing Stats

File Path                            PID  Runtime      # DAGs    # Errors  Last Runtime    Last Run               Last # of DB Queries
---------------------------------  -----  ---------  --------  ----------  --------------  -------------------  ----------------------
/opt/airflow/src/dags/training.py    172  0.00s             0           1  0.06s           2024-12-22T15:21:52                       3
================================================================================
[2024-12-22T15:22:52.525+0000] {manager.py:997} INFO - 
================================================================================
DAG File Processing Stats

File Path                            PID  Runtime      # DAGs    # Errors  Last Runtime    Last Run               Last # of DB Queries
---------------------------------  -----  ---------  --------  ----------  --------------  -------------------  ----------------------
/opt/airflow/src/dags/training.py    177  0.00s             0           1  0.06s           2024-12-22T15:22:22                       5
================================================================================
[2024-12-22T15:23:22.746+0000] {manager.py:997} INFO - 
================================================================================
DAG File Processing Stats

File Path                            PID  Runtime      # DAGs    # Errors  Last Runtime    Last Run               Last # of DB Queries
---------------------------------  -----  ---------  --------  ----------  --------------  -------------------  ----------------------
/opt/airflow/src/dags/training.py    182  0.00s             0           1  0.05s           2024-12-22T15:22:52                       5
================================================================================
[2024-12-22T15:23:36.774+0000] {manager.py:465} INFO - Exiting gracefully upon receiving signal 15
[2024-12-22T15:26:21.927+0000] {manager.py:483} INFO - Processing files using up to 2 processes at a time 
[2024-12-22T15:26:21.927+0000] {manager.py:484} INFO - Process each file at most once every 30 seconds
[2024-12-22T15:26:21.928+0000] {manager.py:485} INFO - Checking for new files in /opt/airflow/src/dags every 300 seconds
[2024-12-22T15:26:21.928+0000] {manager.py:821} INFO - Searching for files in /opt/airflow/src/dags
[2024-12-22T15:26:21.948+0000] {manager.py:824} INFO - There are 1 files in /opt/airflow/src/dags
[2024-12-22T15:26:22.017+0000] {manager.py:997} INFO - 
================================================================================
DAG File Processing Stats

File Path                            PID  Runtime      # DAGs    # Errors  Last Runtime    Last Run      Last # of DB Queries
---------------------------------  -----  ---------  --------  ----------  --------------  ----------  ----------------------
/opt/airflow/src/dags/training.py    167  0.02s             0           0                                                   0
================================================================================
[2024-12-22T15:26:52.243+0000] {manager.py:997} INFO - 
================================================================================
DAG File Processing Stats

File Path                            PID  Runtime      # DAGs    # Errors  Last Runtime    Last Run               Last # of DB Queries
---------------------------------  -----  ---------  --------  ----------  --------------  -------------------  ----------------------
/opt/airflow/src/dags/training.py    172  0.00s             0           1  0.07s           2024-12-22T15:26:22                       3
================================================================================
[2024-12-22T15:27:22.506+0000] {manager.py:997} INFO - 
================================================================================
DAG File Processing Stats

File Path                            PID  Runtime      # DAGs    # Errors  Last Runtime    Last Run               Last # of DB Queries
---------------------------------  -----  ---------  --------  ----------  --------------  -------------------  ----------------------
/opt/airflow/src/dags/training.py    177  0.00s             0           1  0.07s           2024-12-22T15:26:52                       5
================================================================================
[2024-12-22T15:27:52.777+0000] {manager.py:997} INFO - 
================================================================================
DAG File Processing Stats

File Path                            PID  Runtime      # DAGs    # Errors  Last Runtime    Last Run               Last # of DB Queries
---------------------------------  -----  ---------  --------  ----------  --------------  -------------------  ----------------------
/opt/airflow/src/dags/training.py    182  0.00s             0           1  0.06s           2024-12-22T15:27:22                       5
================================================================================
[2024-12-22T15:27:59.585+0000] {manager.py:465} INFO - Exiting gracefully upon receiving signal 15
[2024-12-22T15:28:48.032+0000] {manager.py:483} INFO - Processing files using up to 2 processes at a time 
[2024-12-22T15:28:48.033+0000] {manager.py:484} INFO - Process each file at most once every 30 seconds
[2024-12-22T15:28:48.033+0000] {manager.py:485} INFO - Checking for new files in /opt/airflow/src/dags every 300 seconds
[2024-12-22T15:28:48.034+0000] {manager.py:821} INFO - Searching for files in /opt/airflow/src/dags
[2024-12-22T15:28:48.052+0000] {manager.py:824} INFO - There are 1 files in /opt/airflow/src/dags
[2024-12-22T15:28:48.123+0000] {manager.py:997} INFO - 
================================================================================
DAG File Processing Stats

File Path                            PID  Runtime      # DAGs    # Errors  Last Runtime    Last Run      Last # of DB Queries
---------------------------------  -----  ---------  --------  ----------  --------------  ----------  ----------------------
/opt/airflow/src/dags/training.py    167  0.02s             0           0                                                   0
================================================================================
[2024-12-22T15:29:18.303+0000] {manager.py:997} INFO - 
================================================================================
DAG File Processing Stats

File Path                            PID  Runtime      # DAGs    # Errors  Last Runtime    Last Run               Last # of DB Queries
---------------------------------  -----  ---------  --------  ----------  --------------  -------------------  ----------------------
/opt/airflow/src/dags/training.py    172  0.00s             0           1  0.07s           2024-12-22T15:28:48                       3
================================================================================
[2024-12-22T15:29:48.535+0000] {manager.py:997} INFO - 
================================================================================
DAG File Processing Stats

File Path                            PID  Runtime      # DAGs    # Errors  Last Runtime    Last Run               Last # of DB Queries
---------------------------------  -----  ---------  --------  ----------  --------------  -------------------  ----------------------
/opt/airflow/src/dags/training.py    177  0.00s             0           1  0.06s           2024-12-22T15:29:18                       5
================================================================================
[2024-12-22T15:30:18.772+0000] {manager.py:997} INFO - 
================================================================================
DAG File Processing Stats

File Path                            PID  Runtime      # DAGs    # Errors  Last Runtime    Last Run               Last # of DB Queries
---------------------------------  -----  ---------  --------  ----------  --------------  -------------------  ----------------------
/opt/airflow/src/dags/training.py    182  0.00s             0           1  0.06s           2024-12-22T15:29:48                       5
================================================================================
[2024-12-22T15:30:48.986+0000] {manager.py:997} INFO - 
================================================================================
DAG File Processing Stats

File Path                            PID  Runtime      # DAGs    # Errors  Last Runtime    Last Run               Last # of DB Queries
---------------------------------  -----  ---------  --------  ----------  --------------  -------------------  ----------------------
/opt/airflow/src/dags/training.py    187  0.00s             0           1  0.05s           2024-12-22T15:30:18                       5
================================================================================
[2024-12-22T15:31:19.236+0000] {manager.py:997} INFO - 
================================================================================
DAG File Processing Stats

File Path                            PID  Runtime      # DAGs    # Errors  Last Runtime    Last Run               Last # of DB Queries
---------------------------------  -----  ---------  --------  ----------  --------------  -------------------  ----------------------
/opt/airflow/src/dags/training.py    192  0.00s             0           1  0.06s           2024-12-22T15:30:49                       5
================================================================================
[2024-12-22T15:31:49.451+0000] {manager.py:997} INFO - 
================================================================================
DAG File Processing Stats

File Path                            PID  Runtime      # DAGs    # Errors  Last Runtime    Last Run               Last # of DB Queries
---------------------------------  -----  ---------  --------  ----------  --------------  -------------------  ----------------------
/opt/airflow/src/dags/training.py    197  0.00s             0           1  0.06s           2024-12-22T15:31:19                       5
================================================================================
[2024-12-22T15:32:19.677+0000] {manager.py:997} INFO - 
================================================================================
DAG File Processing Stats

File Path                            PID  Runtime      # DAGs    # Errors  Last Runtime    Last Run               Last # of DB Queries
---------------------------------  -----  ---------  --------  ----------  --------------  -------------------  ----------------------
/opt/airflow/src/dags/training.py    202  0.00s             0           1  0.06s           2024-12-22T15:31:49                       5
================================================================================
[2024-12-22T15:32:49.909+0000] {manager.py:997} INFO - 
================================================================================
DAG File Processing Stats

File Path                            PID  Runtime      # DAGs    # Errors  Last Runtime    Last Run               Last # of DB Queries
---------------------------------  -----  ---------  --------  ----------  --------------  -------------------  ----------------------
/opt/airflow/src/dags/training.py    207  0.00s             0           1  0.06s           2024-12-22T15:32:19                       5
================================================================================
[2024-12-22T15:33:20.154+0000] {manager.py:997} INFO - 
================================================================================
DAG File Processing Stats

File Path                            PID  Runtime      # DAGs    # Errors  Last Runtime    Last Run               Last # of DB Queries
---------------------------------  -----  ---------  --------  ----------  --------------  -------------------  ----------------------
/opt/airflow/src/dags/training.py    212  0.00s             0           1  0.07s           2024-12-22T15:32:49                       5
================================================================================
[2024-12-22T15:33:48.366+0000] {manager.py:821} INFO - Searching for files in /opt/airflow/src/dags
[2024-12-22T15:33:48.384+0000] {manager.py:824} INFO - There are 1 files in /opt/airflow/src/dags
[2024-12-22T15:33:50.421+0000] {manager.py:997} INFO - 
================================================================================
DAG File Processing Stats

File Path                            PID  Runtime      # DAGs    # Errors  Last Runtime    Last Run               Last # of DB Queries
---------------------------------  -----  ---------  --------  ----------  --------------  -------------------  ----------------------
/opt/airflow/src/dags/training.py    217  0.00s             0           1  0.05s           2024-12-22T15:33:20                       5
================================================================================
[2024-12-22T15:34:20.673+0000] {manager.py:997} INFO - 
================================================================================
DAG File Processing Stats

File Path                            PID  Runtime      # DAGs    # Errors  Last Runtime    Last Run               Last # of DB Queries
---------------------------------  -----  ---------  --------  ----------  --------------  -------------------  ----------------------
/opt/airflow/src/dags/training.py    222  0.00s             0           1  0.07s           2024-12-22T15:33:50                       5
================================================================================
[2024-12-22T15:34:21.762+0000] {manager.py:465} INFO - Exiting gracefully upon receiving signal 15
