2024-12-19 08:06:12,556 - my_logger - INFO - Dies ist eine Info-Nachricht (in allen Logs und info_logs.log).
2024-12-19 08:06:12,556 - my_logger - WARNING - Dies ist eine Warnung (in allen Logs und info_logs.log).
2024-12-19 08:06:12,556 - my_logger - ERROR - Dies ist eine Fehler-Nachricht (in allen Logs und info_logs.log).
2024-12-19 08:06:12,556 - my_logger - CRITICAL - Dies ist eine kritische Nachricht (in allen Logs und info_logs.log).
2024-12-19 08:25:11,127 - INFO - Dies ist eine Info-Nachricht (in allen Logs und in info_logs.log).
2024-12-19 08:25:11,127 - WARNING - Dies ist eine Warnung (in allen Logs und in info_logs.log).
2024-12-19 08:25:11,127 - ERROR - Dies ist eine Fehler-Nachricht (in allen Logs und in info_logs.log).
2024-12-19 08:25:11,127 - CRITICAL - Dies ist eine kritische Nachricht (in allen Logs und in info_logs.log).
2024-12-19 08:29:31,504 - INFO - Dies ist eine Info-Nachricht (in allen Logs und in info_logs.log).
2024-12-19 08:29:31,504 - WARNING - Dies ist eine Warnung (in allen Logs und in info_logs.log).
2024-12-19 08:29:31,504 - ERROR - Dies ist eine Fehler-Nachricht (in allen Logs und in info_logs.log).
2024-12-19 08:29:31,504 - CRITICAL - Dies ist eine kritische Nachricht (in allen Logs und in info_logs.log).
2024-12-19 08:29:39,981 - INFO - Dies ist eine Info-Nachricht (in allen Logs und in info_logs.log).
2024-12-19 08:29:39,982 - WARNING - Dies ist eine Warnung (in allen Logs und in info_logs.log).
2024-12-19 08:29:39,982 - ERROR - Dies ist eine Fehler-Nachricht (in allen Logs und in info_logs.log).
2024-12-19 08:29:39,982 - CRITICAL - Dies ist eine kritische Nachricht (in allen Logs und in info_logs.log).
2024-12-19 09:20:35,469 - INFO - Gui wird gestartet...
2024-12-19 09:20:44,099 - INFO - Bearbeitung wurde gespeichert
2024-12-19 09:20:45,532 - INFO - GUI beendet!
2024-12-19 09:21:19,839 - INFO - Gui wird gestartet...
2024-12-19 09:21:24,906 - INFO - Bearbeitung wurde gespeichert
2024-12-19 09:21:25,898 - INFO - GUI beendet!
2024-12-19 09:24:20,122 - INFO - Gui wird gestartet...
2024-12-19 09:28:07,274 - INFO - Bearbeitung wurde gespeichert
2024-12-19 09:32:34,679 - INFO - Gui wird gestartet...
2024-12-19 09:32:39,978 - INFO - Bearbeitung wurde gespeichert
2024-12-19 09:32:40,921 - INFO - GUI beendet!
2024-12-19 09:33:10,840 - INFO - Gui wird gestartet...
2024-12-19 09:33:14,620 - INFO - GUI beendet!
2024-12-19 09:52:03,792 - INFO - Gui wird gestartet...
2024-12-19 09:52:47,547 - INFO - Bearbeitung wurde gespeichert
2024-12-19 09:52:58,852 - INFO - delete test200
2024-12-19 09:53:15,082 - INFO - GUI beendet!
2024-12-19 09:56:30,551 - INFO - Gui wird gestartet...
2024-12-19 09:57:08,466 - INFO - Gui wird gestartet...
2024-12-19 09:57:22,870 - INFO - Neuer User: test user
2024-12-19 09:57:22,903 - INFO - Keine Aufgaben gespeichert
2024-12-19 10:44:06,705 - INFO - Gui wird gestartet...
2024-12-19 10:44:11,575 - INFO - Bearbeitung wurde gespeichert
2024-12-19 10:45:55,751 - INFO - Gui wird gestartet...
2024-12-19 10:50:11,338 - INFO - Gui wird gestartet...
2024-12-19 10:50:52,624 - INFO - Gui wird gestartet...
2024-12-19 10:51:02,057 - INFO - Bearbeitung wurde gespeichert
2024-12-19 10:51:06,222 - INFO - Bearbeitung wurde gespeichert
2024-12-19 10:55:11,972 - INFO - Gui wird gestartet...
2024-12-19 10:55:39,832 - INFO - GUI beendet!
2024-12-19 10:55:44,053 - INFO - Gui wird gestartet...
2024-12-19 10:55:59,382 - INFO - GUI beendet!
2024-12-19 10:56:01,860 - INFO - Gui wird gestartet...
2024-12-19 10:57:17,201 - INFO - GUI beendet!
2024-12-19 10:57:20,565 - INFO - Gui wird gestartet...
2024-12-19 10:58:42,432 - INFO - Gui wird gestartet...
2024-12-19 10:58:59,685 - INFO - Gui wird gestartet...
2024-12-19 11:04:57,943 - INFO - Gui wird gestartet...
2024-12-19 11:05:06,030 - INFO - Gui wird gestartet...
2024-12-19 11:06:30,198 - INFO - Gui wird gestartet...
2024-12-19 11:10:54,921 - INFO - GUI beendet!
2024-12-19 11:10:57,783 - INFO - Gui wird gestartet...
2024-12-19 11:11:01,499 - INFO - Geben Sie erst eine Aufgabe ein
2024-12-19 11:11:35,086 - INFO - Keine Aufgabe zur Bearbeitung ausgewählt
2024-12-19 11:12:30,035 - INFO - GUI beendet!
2024-12-19 11:12:32,365 - INFO - Gui wird gestartet...
2024-12-19 11:14:25,042 - INFO - GUI beendet!
2024-12-19 11:14:27,161 - INFO - Gui wird gestartet...
2024-12-19 11:14:31,418 - INFO - Keine Aufgabe zur Bearbeitung ausgewählt
2024-12-19 11:15:35,548 - INFO - Geben Sie erst eine Aufgabe ein
2024-12-19 11:18:29,769 - INFO - Keine Aufgabe zur Bearbeitung ausgewählt
2024-12-19 11:30:47,128 - INFO - GUI beendet!
2024-12-19 11:30:49,827 - INFO - Gui wird gestartet...
2024-12-19 11:30:52,053 - INFO - Keine Aufgabe zur Bearbeitung ausgewählt
2024-12-19 11:30:52,746 - INFO - Geben Sie erst eine Aufgabe ein
2024-12-19 11:30:58,110 - INFO - GUI beendet!
2024-12-19 12:36:44,199 - INFO - Gui wird gestartet...
2024-12-19 12:36:52,464 - INFO - Bearbeitung wurde gespeichert
2024-12-19 12:37:04,862 - INFO - Keine Aufgabe zur Bearbeitung ausgewählt
2024-12-19 12:37:16,043 - INFO - Keine Aufgabe zur Bearbeitung ausgewählt
2024-12-19 12:39:54,493 - INFO - Gui wird gestartet...
2024-12-19 12:40:31,252 - INFO - Keine Aufgabe zur Bearbeitung ausgewählt
2024-12-19 12:40:49,543 - INFO - Bearbeitung wurde gespeichert
2024-12-19 12:44:32,810 - INFO - Keine Aufgabe zur Bearbeitung ausgewählt
2024-12-19 12:44:42,152 - INFO - Keine Aufgabe zur Bearbeitung ausgewählt
2024-12-19 13:05:21,408 - INFO - GUI beendet!
2024-12-19 13:14:04,745 - INFO - Gui wird gestartet...
2024-12-19 13:14:10,908 - INFO - Bearbeitung wurde gespeichert
2024-12-19 13:14:15,080 - INFO - Bearbeitung wurde gespeichert
2024-12-19 13:15:50,669 - INFO - GUI beendet!
