2024-12-20 11:24:43,397 - Keys words and phrases - DEBUG - Start measuring get_keys_words
2024-12-20 11:24:43,426 - Keys words and phrases - DEBUG - Splitted (Len=51) text completed at 0.0282
2024-12-20 11:24:44,823 - Keys words and phrases - DEBUG - NLP chunk document loaded in 1.3968 secondes
2024-12-20 11:24:45,262 - Keys words and phrases - DEBUG - NLP chunk document loaded in 0.4383 secondes
2024-12-20 11:24:45,705 - Keys words and phrases - DEBUG - NLP chunk document loaded in 0.4431 secondes
2024-12-20 11:24:46,124 - Keys words and phrases - DEBUG - NLP chunk document loaded in 0.4179 secondes
2024-12-20 11:24:46,535 - Keys words and phrases - DEBUG - NLP chunk document loaded in 0.4109 secondes
2024-12-20 11:24:46,951 - Keys words and phrases - DEBUG - NLP chunk document loaded in 0.4153 secondes
2024-12-20 11:24:47,379 - Keys words and phrases - DEBUG - NLP chunk document loaded in 0.4271 secondes
2024-12-20 11:24:47,790 - Keys words and phrases - DEBUG - NLP chunk document loaded in 0.4105 secondes
2024-12-20 11:24:48,195 - Keys words and phrases - DEBUG - NLP chunk document loaded in 0.4046 secondes
2024-12-20 11:24:48,611 - Keys words and phrases - DEBUG - NLP chunk document loaded in 0.4156 secondes
2024-12-20 11:24:49,013 - Keys words and phrases - DEBUG - NLP chunk document loaded in 0.4009 secondes
2024-12-20 11:24:49,426 - Keys words and phrases - DEBUG - NLP chunk document loaded in 0.4120 secondes
2024-12-20 11:24:49,813 - Keys words and phrases - DEBUG - NLP chunk document loaded in 0.3871 secondes
2024-12-20 11:24:50,205 - Keys words and phrases - DEBUG - NLP chunk document loaded in 0.3908 secondes
2024-12-20 11:24:50,587 - Keys words and phrases - DEBUG - NLP chunk document loaded in 0.3808 secondes
2024-12-20 11:24:51,013 - Keys words and phrases - DEBUG - NLP chunk document loaded in 0.4261 secondes
2024-12-20 11:24:51,431 - Keys words and phrases - DEBUG - NLP chunk document loaded in 0.4170 secondes
2024-12-20 11:24:51,828 - Keys words and phrases - DEBUG - NLP chunk document loaded in 0.3963 secondes
2024-12-20 11:24:52,224 - Keys words and phrases - DEBUG - NLP chunk document loaded in 0.3953 secondes
2024-12-20 11:24:52,632 - Keys words and phrases - DEBUG - NLP chunk document loaded in 0.4072 secondes
2024-12-20 11:24:52,633 - Keys words and phrases - DEBUG - Freq_mots step 1 completed at 9.2353
2024-12-20 11:24:52,633 - Keys words and phrases - DEBUG - Freq_mots completed at 9.2355
2024-12-20 11:24:52,633 - Keys words and phrases - DEBUG - Threshold : 0.1
2024-12-20 11:24:52,633 - Keys words and phrases - DEBUG - freq_mot threshold completed at 9.2356
2024-12-20 11:24:52,633 - Keys words and phrases - DEBUG - freq_mot sorted at 9.2357
2024-12-20 13:40:18,193 - Keys words and phrases - DEBUG - Start measuring get_keys_words
2024-12-20 13:40:18,200 - Keys words and phrases - DEBUG - Splitted (Len=14) text completed at 0.0077
2024-12-20 13:40:19,540 - Keys words and phrases - DEBUG - NLP chunk document loaded in 1.3398 secondes
2024-12-20 13:40:19,979 - Keys words and phrases - DEBUG - NLP chunk document loaded in 0.4383 secondes
2024-12-20 13:40:20,384 - Keys words and phrases - DEBUG - NLP chunk document loaded in 0.4040 secondes
2024-12-20 13:40:20,778 - Keys words and phrases - DEBUG - NLP chunk document loaded in 0.3929 secondes
2024-12-20 13:40:21,185 - Keys words and phrases - DEBUG - NLP chunk document loaded in 0.4065 secondes
2024-12-20 13:40:21,583 - Keys words and phrases - DEBUG - NLP chunk document loaded in 0.3978 secondes
2024-12-20 13:40:21,989 - Keys words and phrases - DEBUG - NLP chunk document loaded in 0.4049 secondes
2024-12-20 13:40:22,420 - Keys words and phrases - DEBUG - NLP chunk document loaded in 0.4303 secondes
2024-12-20 13:40:22,821 - Keys words and phrases - DEBUG - NLP chunk document loaded in 0.4007 secondes
2024-12-20 13:40:23,236 - Keys words and phrases - DEBUG - NLP chunk document loaded in 0.4147 secondes
2024-12-20 13:40:23,642 - Keys words and phrases - DEBUG - NLP chunk document loaded in 0.4051 secondes
2024-12-20 13:40:24,022 - Keys words and phrases - DEBUG - NLP chunk document loaded in 0.3793 secondes
2024-12-20 13:40:24,408 - Keys words and phrases - DEBUG - NLP chunk document loaded in 0.3851 secondes
2024-12-20 13:40:24,487 - Keys words and phrases - DEBUG - NLP chunk document loaded in 0.0780 secondes
2024-12-20 13:40:24,487 - Keys words and phrases - DEBUG - Freq_mots step 1 completed at 6.2942
2024-12-20 13:40:24,487 - Keys words and phrases - DEBUG - Freq_mots completed at 6.2943
2024-12-20 13:40:24,487 - Keys words and phrases - DEBUG - Threshold : 0.1
2024-12-20 13:40:24,487 - Keys words and phrases - DEBUG - freq_mot threshold completed at 6.2944
2024-12-20 13:40:24,487 - Keys words and phrases - DEBUG - freq_mot sorted at 6.2945
2024-12-20 13:43:31,216 - Keys words and phrases - DEBUG - Start measuring get_keys_words
2024-12-20 13:43:31,224 - Keys words and phrases - DEBUG - Splitted (Len=14) text completed at 0.0076
2024-12-20 13:43:32,565 - Keys words and phrases - DEBUG - NLP chunk document loaded in 1.3412 secondes
2024-12-20 13:43:33,002 - Keys words and phrases - DEBUG - NLP chunk document loaded in 0.4363 secondes
2024-12-20 13:43:33,409 - Keys words and phrases - DEBUG - NLP chunk document loaded in 0.4060 secondes
2024-12-20 13:43:33,805 - Keys words and phrases - DEBUG - NLP chunk document loaded in 0.3955 secondes
2024-12-20 13:43:34,212 - Keys words and phrases - DEBUG - NLP chunk document loaded in 0.4061 secondes
2024-12-20 13:43:34,608 - Keys words and phrases - DEBUG - NLP chunk document loaded in 0.3955 secondes
2024-12-20 13:43:35,015 - Keys words and phrases - DEBUG - NLP chunk document loaded in 0.4062 secondes
2024-12-20 13:43:35,441 - Keys words and phrases - DEBUG - NLP chunk document loaded in 0.4252 secondes
2024-12-20 13:43:35,840 - Keys words and phrases - DEBUG - NLP chunk document loaded in 0.3987 secondes
2024-12-20 13:43:36,255 - Keys words and phrases - DEBUG - NLP chunk document loaded in 0.4144 secondes
2024-12-20 13:43:36,662 - Keys words and phrases - DEBUG - NLP chunk document loaded in 0.4061 secondes
2024-12-20 13:43:37,042 - Keys words and phrases - DEBUG - NLP chunk document loaded in 0.3800 secondes
2024-12-20 13:43:37,430 - Keys words and phrases - DEBUG - NLP chunk document loaded in 0.3871 secondes
2024-12-20 13:43:37,510 - Keys words and phrases - DEBUG - NLP chunk document loaded in 0.0786 secondes
2024-12-20 13:43:37,510 - Keys words and phrases - DEBUG - Freq_mots step 1 completed at 6.2936
2024-12-20 13:43:37,510 - Keys words and phrases - DEBUG - Freq_mots completed at 6.2938
2024-12-20 13:43:37,510 - Keys words and phrases - DEBUG - Threshold : 0.1
2024-12-20 13:43:37,510 - Keys words and phrases - DEBUG - freq_mot threshold completed at 6.2939
2024-12-20 13:43:37,510 - Keys words and phrases - DEBUG - freq_mot sorted at 6.2940
2024-12-20 14:42:17,907 - Keys words and phrases - DEBUG - Start measuring get_keys_words
2024-12-20 14:42:17,915 - Keys words and phrases - DEBUG - Splitted (Len=14) text completed at 0.0076
2024-12-20 14:42:19,278 - Keys words and phrases - DEBUG - NLP chunk document loaded in 1.3633 secondes
2024-12-20 14:42:19,719 - Keys words and phrases - DEBUG - NLP chunk document loaded in 0.4401 secondes
2024-12-20 14:42:20,127 - Keys words and phrases - DEBUG - NLP chunk document loaded in 0.4073 secondes
2024-12-20 14:42:20,522 - Keys words and phrases - DEBUG - NLP chunk document loaded in 0.3949 secondes
2024-12-20 14:42:20,931 - Keys words and phrases - DEBUG - NLP chunk document loaded in 0.4077 secondes
2024-12-20 14:42:21,327 - Keys words and phrases - DEBUG - NLP chunk document loaded in 0.3957 secondes
2024-12-20 14:42:21,739 - Keys words and phrases - DEBUG - NLP chunk document loaded in 0.4107 secondes
2024-12-20 14:42:22,164 - Keys words and phrases - DEBUG - NLP chunk document loaded in 0.4252 secondes
2024-12-20 14:42:22,566 - Keys words and phrases - DEBUG - NLP chunk document loaded in 0.4011 secondes
2024-12-20 14:42:22,984 - Keys words and phrases - DEBUG - NLP chunk document loaded in 0.4172 secondes
2024-12-20 14:42:23,391 - Keys words and phrases - DEBUG - NLP chunk document loaded in 0.4063 secondes
2024-12-20 14:42:23,773 - Keys words and phrases - DEBUG - NLP chunk document loaded in 0.3815 secondes
2024-12-20 14:42:24,160 - Keys words and phrases - DEBUG - NLP chunk document loaded in 0.3856 secondes
2024-12-20 14:42:24,238 - Keys words and phrases - DEBUG - NLP chunk document loaded in 0.0778 secondes
2024-12-20 14:42:24,238 - Keys words and phrases - DEBUG - Freq_mots step 1 completed at 6.3311
2024-12-20 14:42:24,238 - Keys words and phrases - DEBUG - Freq_mots completed at 6.3312
2024-12-20 14:42:24,238 - Keys words and phrases - DEBUG - Threshold : 0.1
2024-12-20 14:42:24,238 - Keys words and phrases - DEBUG - freq_mot threshold completed at 6.3313
2024-12-20 14:42:24,239 - Keys words and phrases - DEBUG - freq_mot sorted at 6.3314
2024-12-20 16:52:39,515 - Keys words and phrases - DEBUG - Start measuring get_keys_words
2024-12-20 16:52:39,522 - Keys words and phrases - DEBUG - Splitted (Len=14) text completed at 0.0077
2024-12-20 16:52:40,866 - Keys words and phrases - DEBUG - NLP chunk document loaded in 1.3436 secondes
2024-12-20 16:52:41,306 - Keys words and phrases - DEBUG - NLP chunk document loaded in 0.4394 secondes
2024-12-20 16:52:41,711 - Keys words and phrases - DEBUG - NLP chunk document loaded in 0.4044 secondes
2024-12-20 16:52:42,106 - Keys words and phrases - DEBUG - NLP chunk document loaded in 0.3937 secondes
2024-12-20 16:52:42,513 - Keys words and phrases - DEBUG - NLP chunk document loaded in 0.4072 secondes
2024-12-20 16:52:42,910 - Keys words and phrases - DEBUG - NLP chunk document loaded in 0.3962 secondes
2024-12-20 16:52:43,315 - Keys words and phrases - DEBUG - NLP chunk document loaded in 0.4042 secondes
2024-12-20 16:52:43,742 - Keys words and phrases - DEBUG - NLP chunk document loaded in 0.4257 secondes
2024-12-20 16:52:44,142 - Keys words and phrases - DEBUG - NLP chunk document loaded in 0.3993 secondes
2024-12-20 16:52:44,559 - Keys words and phrases - DEBUG - NLP chunk document loaded in 0.4164 secondes
2024-12-20 16:52:44,965 - Keys words and phrases - DEBUG - NLP chunk document loaded in 0.4052 secondes
2024-12-20 16:52:45,346 - Keys words and phrases - DEBUG - NLP chunk document loaded in 0.3809 secondes
2024-12-20 16:52:45,731 - Keys words and phrases - DEBUG - NLP chunk document loaded in 0.3845 secondes
2024-12-20 16:52:45,810 - Keys words and phrases - DEBUG - NLP chunk document loaded in 0.0780 secondes
2024-12-20 16:52:45,810 - Keys words and phrases - DEBUG - Freq_mots step 1 completed at 6.2954
2024-12-20 16:52:45,810 - Keys words and phrases - DEBUG - Freq_mots completed at 6.2956
2024-12-20 16:52:45,810 - Keys words and phrases - DEBUG - Threshold : 0.1
2024-12-20 16:52:45,810 - Keys words and phrases - DEBUG - freq_mot threshold completed at 6.2957
2024-12-20 16:52:45,810 - Keys words and phrases - DEBUG - freq_mot sorted at 6.2957
2024-12-22 09:08:49,251 - Keys words and phrases - DEBUG - Start measuring get_keys_words
2024-12-22 09:29:29,926 - Keys words and phrases - DEBUG - Start measuring get_keys_words
2024-12-22 09:29:29,929 - Keys words and phrases - DEBUG - Splitted (Len=1) text completed at 0.0031
2024-12-22 09:29:31,008 - Keys words and phrases - DEBUG - NLP chunk document loaded in 1.0791 secondes
2024-12-22 09:29:31,009 - Keys words and phrases - DEBUG - Freq_mots step 1 completed at 1.0827
2024-12-22 09:29:31,009 - Keys words and phrases - DEBUG - Freq_mots completed at 1.0828
2024-12-22 09:29:31,009 - Keys words and phrases - DEBUG - Threshold : 0.1
2024-12-22 09:29:31,009 - Keys words and phrases - DEBUG - freq_mot threshold completed at 1.0830
2024-12-22 09:29:31,009 - Keys words and phrases - DEBUG - freq_mot sorted at 1.0831
2024-12-22 09:33:04,615 - Keys words and phrases - DEBUG - Start measuring get_keys_words
2024-12-22 09:33:04,616 - Keys words and phrases - DEBUG - Splitted (Len=1) text completed at 0.0008
2024-12-22 09:33:05,630 - Keys words and phrases - DEBUG - NLP chunk document loaded in 1.0142 secondes
2024-12-22 09:33:05,630 - Keys words and phrases - DEBUG - Freq_mots step 1 completed at 1.0152
2024-12-22 09:33:05,631 - Keys words and phrases - DEBUG - Freq_mots completed at 1.0153
2024-12-22 09:33:05,631 - Keys words and phrases - DEBUG - Threshold : 0.1
2024-12-22 09:33:05,631 - Keys words and phrases - DEBUG - freq_mot threshold completed at 1.0154
2024-12-22 09:33:05,631 - Keys words and phrases - DEBUG - freq_mot sorted at 1.0154
2024-12-22 10:28:37,515 - Keys words and phrases - DEBUG - Start measuring get_keys_words
2024-12-22 10:28:37,516 - Keys words and phrases - DEBUG - Splitted (Len=1) text completed at 0.0007
2024-12-22 10:28:38,510 - Keys words and phrases - DEBUG - NLP chunk document loaded in 0.9940 secondes
2024-12-22 10:28:38,510 - Keys words and phrases - DEBUG - Freq_mots step 1 completed at 0.9950
2024-12-22 10:28:38,510 - Keys words and phrases - DEBUG - Freq_mots completed at 0.9950
2024-12-22 10:28:38,510 - Keys words and phrases - DEBUG - Threshold : 0.1
2024-12-22 10:28:38,511 - Keys words and phrases - DEBUG - freq_mot threshold completed at 0.9951
2024-12-22 10:28:38,511 - Keys words and phrases - DEBUG - freq_mot sorted at 0.9951
2024-12-22 10:29:51,395 - Keys words and phrases - DEBUG - Start measuring get_keys_words
2024-12-22 10:29:51,395 - Keys words and phrases - DEBUG - Splitted (Len=1) text completed at 0.0006
2024-12-22 10:29:52,390 - Keys words and phrases - DEBUG - NLP chunk document loaded in 0.9949 secondes
2024-12-22 10:29:52,391 - Keys words and phrases - DEBUG - Freq_mots step 1 completed at 0.9958
2024-12-22 10:29:52,391 - Keys words and phrases - DEBUG - Freq_mots completed at 0.9959
2024-12-22 10:29:52,391 - Keys words and phrases - DEBUG - Threshold : 0.1
2024-12-22 10:29:52,391 - Keys words and phrases - DEBUG - freq_mot threshold completed at 0.9959
2024-12-22 10:29:52,391 - Keys words and phrases - DEBUG - freq_mot sorted at 0.9960
2024-12-22 10:32:23,053 - Keys words and phrases - DEBUG - Start measuring get_keys_words
2024-12-22 10:32:23,054 - Keys words and phrases - DEBUG - Splitted (Len=1) text completed at 0.0006
2024-12-22 10:32:24,049 - Keys words and phrases - DEBUG - NLP chunk document loaded in 0.9950 secondes
2024-12-22 10:32:24,049 - Keys words and phrases - DEBUG - Freq_mots step 1 completed at 0.9959
2024-12-22 10:32:24,049 - Keys words and phrases - DEBUG - Freq_mots completed at 0.9960
2024-12-22 10:32:24,049 - Keys words and phrases - DEBUG - Threshold : 0.1
2024-12-22 10:32:24,049 - Keys words and phrases - DEBUG - freq_mot threshold completed at 0.9960
2024-12-22 10:32:24,049 - Keys words and phrases - DEBUG - freq_mot sorted at 0.9961
2024-12-22 10:35:19,146 - Keys words and phrases - DEBUG - Start measuring get_keys_words
2024-12-22 10:35:19,146 - Keys words and phrases - DEBUG - Splitted (Len=1) text completed at 0.0006
2024-12-22 10:35:20,198 - Keys words and phrases - DEBUG - NLP chunk document loaded in 1.0517 secondes
2024-12-22 10:35:20,198 - Keys words and phrases - DEBUG - Freq_mots step 1 completed at 1.0526
2024-12-22 10:35:20,198 - Keys words and phrases - DEBUG - Freq_mots completed at 1.0526
2024-12-22 10:35:20,198 - Keys words and phrases - DEBUG - Threshold : 0.1
2024-12-22 10:35:20,198 - Keys words and phrases - DEBUG - freq_mot threshold completed at 1.0527
2024-12-22 10:35:20,198 - Keys words and phrases - DEBUG - freq_mot sorted at 1.0528
2024-12-22 10:39:46,488 - Keys words and phrases - DEBUG - Start measuring get_keys_words
2024-12-22 10:39:46,488 - Keys words and phrases - DEBUG - Splitted (Len=1) text completed at 0.0006
2024-12-22 10:39:47,481 - Keys words and phrases - DEBUG - NLP chunk document loaded in 0.9933 secondes
2024-12-22 10:39:47,482 - Keys words and phrases - DEBUG - Freq_mots step 1 completed at 0.9941
2024-12-22 10:39:47,482 - Keys words and phrases - DEBUG - Freq_mots completed at 0.9942
2024-12-22 10:39:47,482 - Keys words and phrases - DEBUG - Threshold : 0.1
2024-12-22 10:39:47,482 - Keys words and phrases - DEBUG - freq_mot threshold completed at 0.9942
2024-12-22 10:39:47,482 - Keys words and phrases - DEBUG - freq_mot sorted at 0.9943
2024-12-22 10:45:04,937 - Keys words and phrases - DEBUG - Start measuring get_keys_words
2024-12-22 10:45:04,937 - Keys words and phrases - DEBUG - Splitted (Len=1) text completed at 0.0006
2024-12-22 10:45:05,927 - Keys words and phrases - DEBUG - NLP chunk document loaded in 0.9896 secondes
2024-12-22 10:45:05,927 - Keys words and phrases - DEBUG - Freq_mots step 1 completed at 0.9905
2024-12-22 10:45:05,927 - Keys words and phrases - DEBUG - Freq_mots completed at 0.9905
2024-12-22 10:45:05,927 - Keys words and phrases - DEBUG - Threshold : 0.1
2024-12-22 10:45:05,927 - Keys words and phrases - DEBUG - freq_mot threshold completed at 0.9906
2024-12-22 10:45:05,927 - Keys words and phrases - DEBUG - freq_mot sorted at 0.9907
2024-12-22 10:51:35,143 - Keys words and phrases - DEBUG - Start measuring get_keys_words
2024-12-22 10:51:35,144 - Keys words and phrases - DEBUG - Splitted (Len=1) text completed at 0.0006
2024-12-22 10:51:36,149 - Keys words and phrases - DEBUG - NLP chunk document loaded in 1.0049 secondes
2024-12-22 10:51:36,149 - Keys words and phrases - DEBUG - Freq_mots step 1 completed at 1.0057
2024-12-22 10:51:36,149 - Keys words and phrases - DEBUG - Freq_mots completed at 1.0058
2024-12-22 10:51:36,149 - Keys words and phrases - DEBUG - Threshold : 0.1
2024-12-22 10:51:36,149 - Keys words and phrases - DEBUG - freq_mot threshold completed at 1.0059
2024-12-22 10:51:36,149 - Keys words and phrases - DEBUG - freq_mot sorted at 1.0059
2024-12-22 10:53:07,988 - Keys words and phrases - DEBUG - Start measuring get_keys_words
2024-12-22 10:53:07,989 - Keys words and phrases - DEBUG - Splitted (Len=1) text completed at 0.0006
2024-12-22 10:53:08,981 - Keys words and phrases - DEBUG - NLP chunk document loaded in 0.9924 secondes
2024-12-22 10:53:08,982 - Keys words and phrases - DEBUG - Freq_mots step 1 completed at 0.9933
2024-12-22 10:53:08,982 - Keys words and phrases - DEBUG - Freq_mots completed at 0.9933
2024-12-22 10:53:08,982 - Keys words and phrases - DEBUG - Threshold : 0.1
2024-12-22 10:53:08,982 - Keys words and phrases - DEBUG - freq_mot threshold completed at 0.9934
2024-12-22 10:53:08,982 - Keys words and phrases - DEBUG - freq_mot sorted at 0.9934
2024-12-22 10:57:37,561 - Keys words and phrases - DEBUG - Start measuring get_keys_words
2024-12-22 10:57:37,562 - Keys words and phrases - DEBUG - Splitted (Len=1) text completed at 0.0007
2024-12-22 10:57:38,595 - Keys words and phrases - DEBUG - NLP chunk document loaded in 1.0337 secondes
2024-12-22 10:57:38,595 - Keys words and phrases - DEBUG - Freq_mots step 1 completed at 1.0347
2024-12-22 10:57:38,596 - Keys words and phrases - DEBUG - Freq_mots completed at 1.0347
2024-12-22 10:57:38,596 - Keys words and phrases - DEBUG - Threshold : 0.1
2024-12-22 10:57:38,596 - Keys words and phrases - DEBUG - freq_mot threshold completed at 1.0348
2024-12-22 10:57:38,596 - Keys words and phrases - DEBUG - freq_mot sorted at 1.0348
2024-12-22 10:59:40,387 - Keys words and phrases - DEBUG - Start measuring get_keys_words
2024-12-22 10:59:40,387 - Keys words and phrases - DEBUG - Splitted (Len=1) text completed at 0.0006
2024-12-22 10:59:41,397 - Keys words and phrases - DEBUG - NLP chunk document loaded in 1.0098 secondes
2024-12-22 10:59:41,397 - Keys words and phrases - DEBUG - Freq_mots step 1 completed at 1.0107
2024-12-22 10:59:41,397 - Keys words and phrases - DEBUG - Freq_mots completed at 1.0107
2024-12-22 10:59:41,397 - Keys words and phrases - DEBUG - Threshold : 0.1
2024-12-22 10:59:41,397 - Keys words and phrases - DEBUG - freq_mot threshold completed at 1.0108
2024-12-22 10:59:41,397 - Keys words and phrases - DEBUG - freq_mot sorted at 1.0108
