2024-12-20 11:24:43,397 - Measures - DEBUG - get_text_and_tables_from_pdf executed in 6.0445 seconds 
2024-12-20 11:24:43,399 - Measures - DEBUG - sanitize_text executed in 0.0020 seconds 
2024-12-20 11:24:52,633 - Measures - DEBUG - get_key_words executed in 9.2358 seconds 
2024-12-20 11:24:55,114 - Measures - DEBUG - inference executed in 2.4801 seconds 
2024-12-20 11:24:55,114 - Measures - DEBUG - get_classification executed in 17.7617 seconds 
2024-12-20 11:24:55,114 - Measures - DEBUG - do_test_classifier executed in 17.7618 seconds 
2024-12-20 11:25:12,029 - Measures - DEBUG - get_text_and_tables_from_pdf executed in 6.7715 seconds 
2024-12-20 11:25:16,258 - Measures - DEBUG - extract_data executed in 11.0016 seconds 
2024-12-20 11:25:16,258 - Measures - DEBUG - do_test_odp executed in 11.0026 seconds 
2024-12-20 13:40:18,193 - Measures - DEBUG - get_text_and_tables_from_pdf executed in 1.9764 seconds 
2024-12-20 13:40:18,193 - Measures - DEBUG - sanitize_text executed in 0.0006 seconds 
2024-12-20 13:40:24,487 - Measures - DEBUG - get_key_words executed in 6.2945 seconds 
2024-12-20 13:40:26,933 - Measures - DEBUG - inference executed in 2.4449 seconds 
2024-12-20 13:40:26,933 - Measures - DEBUG - get_classification executed in 10.7165 seconds 
2024-12-20 13:40:26,933 - Measures - DEBUG - do_test_classifier executed in 10.7165 seconds 
2024-12-20 13:40:29,022 - Measures - DEBUG - get_text_and_tables_from_pdf executed in 2.0881 seconds 
2024-12-20 13:40:31,280 - Measures - DEBUG - extract_data executed in 4.3469 seconds 
2024-12-20 13:40:31,280 - Measures - DEBUG - do_test_odp executed in 4.3471 seconds 
2024-12-20 13:43:31,216 - Measures - DEBUG - get_text_and_tables_from_pdf executed in 2.0189 seconds 
2024-12-20 13:43:31,217 - Measures - DEBUG - sanitize_text executed in 0.0006 seconds 
2024-12-20 13:43:37,510 - Measures - DEBUG - get_key_words executed in 6.2940 seconds 
2024-12-20 13:43:39,979 - Measures - DEBUG - inference executed in 2.4678 seconds 
2024-12-20 13:43:39,979 - Measures - DEBUG - get_classification executed in 10.7814 seconds 
2024-12-20 13:43:39,979 - Measures - DEBUG - do_test_classifier executed in 10.7815 seconds 
2024-12-20 13:43:42,082 - Measures - DEBUG - get_text_and_tables_from_pdf executed in 2.1023 seconds 
2024-12-20 13:43:44,351 - Measures - DEBUG - extract_data executed in 4.3715 seconds 
2024-12-20 13:43:44,351 - Measures - DEBUG - do_test_odp executed in 4.3717 seconds 
2024-12-20 14:42:17,907 - Measures - DEBUG - get_text_and_tables_from_pdf executed in 1.9944 seconds 
2024-12-20 14:42:17,908 - Measures - DEBUG - sanitize_text executed in 0.0006 seconds 
2024-12-20 14:42:24,239 - Measures - DEBUG - get_key_words executed in 6.3314 seconds 
2024-12-20 14:42:26,704 - Measures - DEBUG - inference executed in 2.4647 seconds 
2024-12-20 14:42:26,704 - Measures - DEBUG - get_classification executed in 10.7912 seconds 
2024-12-20 14:42:26,704 - Measures - DEBUG - do_test_classifier executed in 10.7912 seconds 
2024-12-20 14:42:28,817 - Measures - DEBUG - get_text_and_tables_from_pdf executed in 2.1130 seconds 
2024-12-20 14:42:31,076 - Measures - DEBUG - extract_data executed in 4.3713 seconds 
2024-12-20 14:42:31,076 - Measures - DEBUG - do_test_odp executed in 4.3715 seconds 
2024-12-20 16:52:39,515 - Measures - DEBUG - get_text_and_tables_from_pdf executed in 2.0058 seconds 
2024-12-20 16:52:39,515 - Measures - DEBUG - sanitize_text executed in 0.0006 seconds 
2024-12-20 16:52:45,811 - Measures - DEBUG - get_key_words executed in 6.2958 seconds 
2024-12-20 16:52:48,215 - Measures - DEBUG - inference executed in 2.4037 seconds 
2024-12-20 16:52:48,215 - Measures - DEBUG - get_classification executed in 10.7059 seconds 
2024-12-20 16:52:48,215 - Measures - DEBUG - do_test_classifier executed in 10.7059 seconds 
2024-12-20 16:52:50,321 - Measures - DEBUG - get_text_and_tables_from_pdf executed in 2.1058 seconds 
2024-12-20 16:52:52,586 - Measures - DEBUG - extract_data executed in 4.3710 seconds 
2024-12-20 16:52:52,586 - Measures - DEBUG - do_test_odp executed in 4.3711 seconds 
2024-12-22 09:08:35,259 - Measures - DEBUG - get_text_and_tables_from_pdf executed in 0.0130 seconds 
2024-12-22 09:08:49,251 - Measures - DEBUG - get_key_words executed in 0.0006 seconds 
2024-12-22 09:08:49,251 - Measures - DEBUG - get_classification executed in 17.6942 seconds 
2024-12-22 09:08:49,252 - Measures - DEBUG - do_test_classifier executed in 17.6943 seconds 
2024-12-22 09:09:48,832 - Measures - DEBUG - get_text_and_tables_from_pdf executed in 0.0240 seconds 
2024-12-22 09:10:04,721 - Measures - DEBUG - get_classification executed in 18.9045 seconds 
2024-12-22 09:10:04,721 - Measures - DEBUG - do_test_classifier executed in 18.9046 seconds 
2024-12-22 09:13:40,186 - Measures - DEBUG - get_text_and_tables_from_pdf executed in 0.0122 seconds 
2024-12-22 09:17:10,334 - Measures - DEBUG - get_text_and_tables_from_pdf executed in 0.0226 seconds 
2024-12-22 09:17:16,990 - Measures - DEBUG - do_ocr executed in 1.1885 seconds 
2024-12-22 09:17:40,605 - Measures - DEBUG - get_text_and_tables_from_pdf executed in 0.3051 seconds 
2024-12-22 09:18:10,440 - Measures - DEBUG - get_classification executed in 63.0955 seconds 
2024-12-22 09:18:10,440 - Measures - DEBUG - do_test_classifier executed in 63.0957 seconds 
2024-12-22 09:19:14,937 - Measures - DEBUG - get_text_and_tables_from_pdf executed in 15.3757 seconds 
2024-12-22 09:19:16,405 - Measures - DEBUG - do_ocr executed in 1.0494 seconds 
2024-12-22 09:20:24,988 - Measures - DEBUG - get_text_and_tables_from_pdf executed in 59.5020 seconds 
2024-12-22 09:20:56,501 - Measures - DEBUG - get_classification executed in 119.4102 seconds 
2024-12-22 09:20:56,501 - Measures - DEBUG - do_test_classifier executed in 119.4103 seconds 
2024-12-22 09:22:15,334 - Measures - DEBUG - get_text_and_tables_from_pdf executed in 8.6416 seconds 
2024-12-22 09:22:27,948 - Measures - DEBUG - do_ocr executed in 1.0881 seconds 
2024-12-22 09:22:54,322 - Measures - DEBUG - get_text_and_tables_from_pdf executed in 17.9864 seconds 
2024-12-22 09:29:07,906 - Measures - DEBUG - get_text_and_tables_from_pdf executed in 3.4124 seconds 
2024-12-22 09:29:09,337 - Measures - DEBUG - do_ocr executed in 1.0523 seconds 
2024-12-22 09:29:16,729 - Measures - DEBUG - get_text_and_tables_from_pdf executed in 0.3154 seconds 
2024-12-22 09:29:29,927 - Measures - DEBUG - sanitize_text executed in 0.0008 seconds 
2024-12-22 09:29:31,009 - Measures - DEBUG - get_key_words executed in 1.0834 seconds 
2024-12-22 09:29:41,238 - Measures - DEBUG - inference executed in 3.1224 seconds 
2024-12-22 09:29:41,238 - Measures - DEBUG - get_classification executed in 40.3120 seconds 
2024-12-22 09:29:41,238 - Measures - DEBUG - do_test_classifier executed in 40.3120 seconds 
2024-12-22 09:29:44,201 - Measures - DEBUG - recognize_rois executed in 2.8816 seconds 
2024-12-22 09:29:44,202 - Measures - DEBUG - doOcr_from_pdf executed in 2.9620 seconds 
2024-12-22 09:33:02,424 - Measures - DEBUG - get_text_and_tables_from_pdf executed in 0.0176 seconds 
2024-12-22 09:33:03,794 - Measures - DEBUG - do_ocr executed in 1.0272 seconds 
2024-12-22 09:33:04,615 - Measures - DEBUG - get_text_and_tables_from_pdf executed in 0.0827 seconds 
2024-12-22 09:33:04,616 - Measures - DEBUG - sanitize_text executed in 0.0003 seconds 
2024-12-22 09:33:05,631 - Measures - DEBUG - get_key_words executed in 1.0155 seconds 
2024-12-22 09:33:08,738 - Measures - DEBUG - inference executed in 3.1056 seconds 
2024-12-22 09:33:08,738 - Measures - DEBUG - get_classification executed in 11.4501 seconds 
2024-12-22 09:33:08,738 - Measures - DEBUG - do_test_classifier executed in 11.4501 seconds 
2024-12-22 09:33:11,570 - Measures - DEBUG - recognize_rois executed in 2.7611 seconds 
2024-12-22 09:33:11,571 - Measures - DEBUG - doOcr_from_pdf executed in 2.8311 seconds 
2024-12-22 10:28:35,787 - Measures - DEBUG - get_text_and_tables_from_pdf executed in 0.0086 seconds 
2024-12-22 10:28:37,251 - Measures - DEBUG - do_ocr executed in 1.0910 seconds 
2024-12-22 10:28:37,515 - Measures - DEBUG - get_text_and_tables_from_pdf executed in 0.0768 seconds 
2024-12-22 10:28:37,516 - Measures - DEBUG - sanitize_text executed in 0.0002 seconds 
2024-12-22 10:28:38,511 - Measures - DEBUG - get_key_words executed in 0.9952 seconds 
2024-12-22 10:28:41,603 - Measures - DEBUG - inference executed in 3.0912 seconds 
2024-12-22 10:28:41,603 - Measures - DEBUG - get_classification executed in 5.8245 seconds 
2024-12-22 10:28:41,603 - Measures - DEBUG - do_test_classifier executed in 5.8245 seconds 
2024-12-22 10:28:44,551 - Measures - DEBUG - recognize_rois executed in 2.8784 seconds 
2024-12-22 10:28:44,552 - Measures - DEBUG - doOcr_from_pdf executed in 2.9474 seconds 
2024-12-22 10:29:49,671 - Measures - DEBUG - get_text_and_tables_from_pdf executed in 0.0081 seconds 
2024-12-22 10:29:51,118 - Measures - DEBUG - do_ocr executed in 1.0730 seconds 
2024-12-22 10:29:51,394 - Measures - DEBUG - get_text_and_tables_from_pdf executed in 0.0762 seconds 
2024-12-22 10:29:51,395 - Measures - DEBUG - sanitize_text executed in 0.0002 seconds 
2024-12-22 10:29:52,391 - Measures - DEBUG - get_key_words executed in 0.9961 seconds 
2024-12-22 10:29:55,476 - Measures - DEBUG - inference executed in 3.0835 seconds 
2024-12-22 10:29:55,476 - Measures - DEBUG - get_classification executed in 5.8129 seconds 
2024-12-22 10:29:55,476 - Measures - DEBUG - do_test_classifier executed in 5.8130 seconds 
2024-12-22 10:29:58,384 - Measures - DEBUG - recognize_rois executed in 2.8416 seconds 
2024-12-22 10:29:58,385 - Measures - DEBUG - doOcr_from_pdf executed in 2.9077 seconds 
2024-12-22 10:32:21,297 - Measures - DEBUG - get_text_and_tables_from_pdf executed in 0.0087 seconds 
2024-12-22 10:32:22,772 - Measures - DEBUG - do_ocr executed in 1.0751 seconds 
2024-12-22 10:32:23,053 - Measures - DEBUG - get_text_and_tables_from_pdf executed in 0.0804 seconds 
2024-12-22 10:32:23,054 - Measures - DEBUG - sanitize_text executed in 0.0002 seconds 
2024-12-22 10:32:24,049 - Measures - DEBUG - get_key_words executed in 0.9962 seconds 
2024-12-22 10:32:27,095 - Measures - DEBUG - inference executed in 3.0446 seconds 
2024-12-22 10:32:27,095 - Measures - DEBUG - get_classification executed in 5.8071 seconds 
2024-12-22 10:32:27,095 - Measures - DEBUG - do_test_classifier executed in 5.8071 seconds 
2024-12-22 10:32:30,030 - Measures - DEBUG - recognize_rois executed in 2.8662 seconds 
2024-12-22 10:32:30,031 - Measures - DEBUG - doOcr_from_pdf executed in 2.9346 seconds 
2024-12-22 10:35:17,392 - Measures - DEBUG - get_text_and_tables_from_pdf executed in 0.0082 seconds 
2024-12-22 10:35:18,871 - Measures - DEBUG - do_ocr executed in 1.0744 seconds 
2024-12-22 10:35:19,145 - Measures - DEBUG - get_text_and_tables_from_pdf executed in 0.0758 seconds 
2024-12-22 10:35:19,146 - Measures - DEBUG - sanitize_text executed in 0.0002 seconds 
2024-12-22 10:35:20,198 - Measures - DEBUG - get_key_words executed in 1.0529 seconds 
2024-12-22 10:35:23,332 - Measures - DEBUG - inference executed in 3.1324 seconds 
2024-12-22 10:35:23,332 - Measures - DEBUG - get_classification executed in 5.9484 seconds 
2024-12-22 10:35:23,332 - Measures - DEBUG - do_test_classifier executed in 5.9484 seconds 
2024-12-22 10:35:26,188 - Measures - DEBUG - recognize_rois executed in 2.7856 seconds 
2024-12-22 10:35:26,188 - Measures - DEBUG - doOcr_from_pdf executed in 2.8549 seconds 
2024-12-22 10:39:44,760 - Measures - DEBUG - get_text_and_tables_from_pdf executed in 0.0087 seconds 
2024-12-22 10:39:46,177 - Measures - DEBUG - do_ocr executed in 1.0341 seconds 
2024-12-22 10:39:46,487 - Measures - DEBUG - get_text_and_tables_from_pdf executed in 0.0776 seconds 
2024-12-22 10:39:46,488 - Measures - DEBUG - sanitize_text executed in 0.0002 seconds 
2024-12-22 10:39:47,482 - Measures - DEBUG - get_key_words executed in 0.9944 seconds 
2024-12-22 10:39:50,577 - Measures - DEBUG - inference executed in 3.0939 seconds 
2024-12-22 10:39:50,577 - Measures - DEBUG - get_classification executed in 5.8261 seconds 
2024-12-22 10:39:50,577 - Measures - DEBUG - do_test_classifier executed in 5.8262 seconds 
2024-12-22 10:39:53,447 - Measures - DEBUG - recognize_rois executed in 2.8028 seconds 
2024-12-22 10:39:53,448 - Measures - DEBUG - doOcr_from_pdf executed in 2.8697 seconds 
2024-12-22 10:45:03,214 - Measures - DEBUG - get_text_and_tables_from_pdf executed in 0.0078 seconds 
2024-12-22 10:45:04,626 - Measures - DEBUG - do_ocr executed in 1.0338 seconds 
2024-12-22 10:45:04,936 - Measures - DEBUG - get_text_and_tables_from_pdf executed in 0.0772 seconds 
2024-12-22 10:45:04,937 - Measures - DEBUG - sanitize_text executed in 0.0002 seconds 
2024-12-22 10:45:05,927 - Measures - DEBUG - get_key_words executed in 0.9907 seconds 
2024-12-22 10:45:08,995 - Measures - DEBUG - inference executed in 3.0662 seconds 
2024-12-22 10:45:08,995 - Measures - DEBUG - get_classification executed in 5.7885 seconds 
2024-12-22 10:45:08,995 - Measures - DEBUG - do_test_classifier executed in 5.7886 seconds 
2024-12-22 10:45:11,846 - Measures - DEBUG - recognize_rois executed in 2.7827 seconds 
2024-12-22 10:45:11,846 - Measures - DEBUG - doOcr_from_pdf executed in 2.8497 seconds 
2024-12-22 10:51:33,411 - Measures - DEBUG - get_text_and_tables_from_pdf executed in 0.0082 seconds 
2024-12-22 10:51:34,793 - Measures - DEBUG - do_ocr executed in 1.0045 seconds 
2024-12-22 10:51:35,143 - Measures - DEBUG - get_text_and_tables_from_pdf executed in 0.0757 seconds 
2024-12-22 10:51:35,144 - Measures - DEBUG - sanitize_text executed in 0.0002 seconds 
2024-12-22 10:51:36,149 - Measures - DEBUG - get_key_words executed in 1.0060 seconds 
2024-12-22 10:51:39,205 - Measures - DEBUG - inference executed in 3.0543 seconds 
2024-12-22 10:51:39,205 - Measures - DEBUG - get_classification executed in 5.8028 seconds 
2024-12-22 10:51:39,205 - Measures - DEBUG - do_test_classifier executed in 5.8028 seconds 
2024-12-22 10:51:42,038 - Measures - DEBUG - recognize_rois executed in 2.7620 seconds 
2024-12-22 10:51:42,038 - Measures - DEBUG - doOcr_from_pdf executed in 2.8324 seconds 
2024-12-22 10:53:06,258 - Measures - DEBUG - get_text_and_tables_from_pdf executed in 0.0072 seconds 
2024-12-22 10:53:07,722 - Measures - DEBUG - do_ocr executed in 1.0828 seconds 
2024-12-22 10:53:07,988 - Measures - DEBUG - get_text_and_tables_from_pdf executed in 0.0769 seconds 
2024-12-22 10:53:07,988 - Measures - DEBUG - sanitize_text executed in 0.0002 seconds 
2024-12-22 10:53:08,982 - Measures - DEBUG - get_key_words executed in 0.9935 seconds 
2024-12-22 10:53:12,032 - Measures - DEBUG - inference executed in 3.0487 seconds 
2024-12-22 10:53:12,032 - Measures - DEBUG - get_classification executed in 5.7807 seconds 
2024-12-22 10:53:12,032 - Measures - DEBUG - do_test_classifier executed in 5.7807 seconds 
2024-12-22 10:53:14,888 - Measures - DEBUG - recognize_rois executed in 2.7900 seconds 
2024-12-22 10:53:14,889 - Measures - DEBUG - doOcr_from_pdf executed in 2.8564 seconds 
2024-12-22 10:57:35,838 - Measures - DEBUG - get_text_and_tables_from_pdf executed in 0.0079 seconds 
2024-12-22 10:57:37,295 - Measures - DEBUG - do_ocr executed in 1.0898 seconds 
2024-12-22 10:57:37,560 - Measures - DEBUG - get_text_and_tables_from_pdf executed in 0.0811 seconds 
2024-12-22 10:57:37,561 - Measures - DEBUG - sanitize_text executed in 0.0002 seconds 
2024-12-22 10:57:38,596 - Measures - DEBUG - get_key_words executed in 1.0349 seconds 
2024-12-22 10:57:41,652 - Measures - DEBUG - inference executed in 3.0548 seconds 
2024-12-22 10:57:41,652 - Measures - DEBUG - get_classification executed in 5.8225 seconds 
2024-12-22 10:57:41,652 - Measures - DEBUG - do_test_classifier executed in 5.8225 seconds 
2024-12-22 10:57:44,476 - Measures - DEBUG - recognize_rois executed in 2.7550 seconds 
2024-12-22 10:57:44,476 - Measures - DEBUG - doOcr_from_pdf executed in 2.8234 seconds 
2024-12-22 10:59:38,641 - Measures - DEBUG - get_text_and_tables_from_pdf executed in 0.0090 seconds 
2024-12-22 10:59:40,069 - Measures - DEBUG - do_ocr executed in 1.0334 seconds 
2024-12-22 10:59:40,386 - Measures - DEBUG - get_text_and_tables_from_pdf executed in 0.0809 seconds 
2024-12-22 10:59:40,387 - Measures - DEBUG - sanitize_text executed in 0.0002 seconds 
2024-12-22 10:59:41,397 - Measures - DEBUG - get_key_words executed in 1.0109 seconds 
2024-12-22 10:59:44,501 - Measures - DEBUG - inference executed in 3.1024 seconds 
2024-12-22 10:59:44,501 - Measures - DEBUG - get_classification executed in 5.8691 seconds 
2024-12-22 10:59:44,501 - Measures - DEBUG - do_test_classifier executed in 5.8692 seconds 
2024-12-22 10:59:47,381 - Measures - DEBUG - recognize_rois executed in 2.8107 seconds 
2024-12-22 10:59:47,381 - Measures - DEBUG - doOcr_from_pdf executed in 2.8789 seconds 
