2024-12-20 11:24:43,397 - Measures - DEBUG - get_text_and_tables_from_pdf executed in 6.0445 seconds 
2024-12-20 11:24:43,399 - Measures - DEBUG - sanitize_text executed in 0.0020 seconds 
2024-12-20 11:24:52,633 - Measures - DEBUG - get_key_words executed in 9.2358 seconds 
2024-12-20 11:24:55,114 - Measures - DEBUG - inference executed in 2.4801 seconds 
2024-12-20 11:24:55,114 - Measures - DEBUG - get_classification executed in 17.7617 seconds 
2024-12-20 11:24:55,114 - Measures - DEBUG - do_test_classifier executed in 17.7618 seconds 
2024-12-20 11:25:12,029 - Measures - DEBUG - get_text_and_tables_from_pdf executed in 6.7715 seconds 
2024-12-20 11:25:16,258 - Measures - DEBUG - extract_data executed in 11.0016 seconds 
2024-12-20 11:25:16,258 - Measures - DEBUG - do_test_odp executed in 11.0026 seconds 
2024-12-20 13:40:18,193 - Measures - DEBUG - get_text_and_tables_from_pdf executed in 1.9764 seconds 
2024-12-20 13:40:18,193 - Measures - DEBUG - sanitize_text executed in 0.0006 seconds 
2024-12-20 13:40:24,487 - Measures - DEBUG - get_key_words executed in 6.2945 seconds 
2024-12-20 13:40:26,933 - Measures - DEBUG - inference executed in 2.4449 seconds 
2024-12-20 13:40:26,933 - Measures - DEBUG - get_classification executed in 10.7165 seconds 
2024-12-20 13:40:26,933 - Measures - DEBUG - do_test_classifier executed in 10.7165 seconds 
2024-12-20 13:40:29,022 - Measures - DEBUG - get_text_and_tables_from_pdf executed in 2.0881 seconds 
2024-12-20 13:40:31,280 - Measures - DEBUG - extract_data executed in 4.3469 seconds 
2024-12-20 13:40:31,280 - Measures - DEBUG - do_test_odp executed in 4.3471 seconds 
2024-12-20 13:43:31,216 - Measures - DEBUG - get_text_and_tables_from_pdf executed in 2.0189 seconds 
2024-12-20 13:43:31,217 - Measures - DEBUG - sanitize_text executed in 0.0006 seconds 
2024-12-20 13:43:37,510 - Measures - DEBUG - get_key_words executed in 6.2940 seconds 
2024-12-20 13:43:39,979 - Measures - DEBUG - inference executed in 2.4678 seconds 
2024-12-20 13:43:39,979 - Measures - DEBUG - get_classification executed in 10.7814 seconds 
2024-12-20 13:43:39,979 - Measures - DEBUG - do_test_classifier executed in 10.7815 seconds 
2024-12-20 13:43:42,082 - Measures - DEBUG - get_text_and_tables_from_pdf executed in 2.1023 seconds 
2024-12-20 13:43:44,351 - Measures - DEBUG - extract_data executed in 4.3715 seconds 
2024-12-20 13:43:44,351 - Measures - DEBUG - do_test_odp executed in 4.3717 seconds 
